Asterisk (*) preceding a constraint indicates it was not met.
   This may be due to a setup or hold violation.

------------------------------------------------------------------------------------------------------
  Constraint                                |  Check  | Worst Case |  Best Case | Timing |   Timing   
                                            |         |    Slack   | Achievable | Errors |    Score   
------------------------------------------------------------------------------------------------------
* TS_dcm_0_dcm_0_CLK0_BUF = PERIOD TIMEGRP  | SETUP   |    -0.031ns|    10.031ns|       1|          31
  "dcm_0_dcm_0_CLK0_BUF" TS_sys_clk_pin     | HOLD    |     0.132ns|            |       0|           0
       HIGH 50%                             |         |            |            |        |            
------------------------------------------------------------------------------------------------------
  TS_dcm_0_dcm_0_CLK90_BUF = PERIOD TIMEGRP | SETUP   |     0.108ns|     9.568ns|       0|           0
   "dcm_0_dcm_0_CLK90_BUF"         TS_sys_c | HOLD    |     0.452ns|            |       0|           0
  lk_pin PHASE 2.5 ns HIGH 50%              |         |            |            |        |            
------------------------------------------------------------------------------------------------------
  TS_vga_framebuffer_vga_framebuffer_CLKDV  | SETUP   |     1.595ns|    33.620ns|       0|           0
  = PERIOD TIMEGRP         "vga_framebuffer | HOLD    |     0.553ns|            |       0|           0
  _vga_framebuffer_CLKDV" TS_dcm_0_dcm_0_CL |         |            |            |        |            
  K0_BUF * 4         HIGH 50%               |         |            |            |        |            
------------------------------------------------------------------------------------------------------
  TS_dcm_1_dcm_1_CLK90_BUF = PERIOD TIMEGRP | SETUP   |     4.737ns|     5.263ns|       0|           0
   "dcm_1_dcm_1_CLK90_BUF"         TS_fpga_ | HOLD    |     0.510ns|            |       0|           0
  0_DDR_CLK_FB PHASE 4.844 ns HIGH 50%      |         |            |            |        |            
------------------------------------------------------------------------------------------------------
  TS_sys_clk_pin = PERIOD TIMEGRP "sys_clk_ | SETUP   |     8.632ns|     1.368ns|       0|           0
  pin" 10 ns HIGH 50%                       | HOLD    |     0.571ns|            |       0|           0
------------------------------------------------------------------------------------------------------
  TS_fpga_0_DDR_CLK_FB = PERIOD TIMEGRP "fp | SETUP   |     8.665ns|     1.335ns|       0|           0
  ga_0_DDR_CLK_FB" 10 ns HIGH 50%           | HOLD    |     0.701ns|            |       0|           0
------------------------------------------------------------------------------------------------------
  NET "fpga_0_SysACE_CompactFlash_SysACE_CL | SETUP   |    25.219ns|     4.781ns|       0|           0
  K_pin_BUFGP/IBUFG" PERIOD = 30 ns         | HOLD    |     0.463ns|            |       0|           0
   HIGH 50%                                 |         |            |            |        |            
------------------------------------------------------------------------------------------------------
  NET "fpga_0_Audio_Codec_Bit_Clk_pin_BUFGP | SETUP   |    37.164ns|     7.052ns|       0|           0
  /IBUFG" PERIOD = 81.38 ns HIGH 50%        | HOLD    |     0.553ns|            |       0|           0
------------------------------------------------------------------------------------------------------
  PATH "TS_RST1_path" TIG                   | SETUP   |         N/A|     3.691ns|     N/A|           0
------------------------------------------------------------------------------------------------------


1 constraint not met.
INFO:Timing:2761 - N/A entries in the Constraints list may indicate that the 
   constraint does not cover any paths or that it has no requested value.


