Release 9.1.02i Xflow J.33
Copyright (c) 1995-2007 Xilinx, Inc.  All rights reserved.
xflow.exe -wd implementation -p xc2vp30ff896-7 -implement xflow.opt system.ngc  

Using Flow File:
D:/Put_Your_Temp_Files_Here/space_invaders/Lab7-final/Lab7BaseSystem/implementat
ion/fpga.flw 
Using Option File(s): 
 D:/Put_Your_Temp_Files_Here/space_invaders/Lab7-final/Lab7BaseSystem/implementa
tion/xflow.opt 

Creating Script File ... 

#----------------------------------------------#
# Starting program ngdbuild
# ngdbuild -p xc2vp30ff896-7 -nt timestamp -bm system.bmm
"D:/Put_Your_Temp_Files_Here/space_invaders/Lab7-final/Lab7BaseSystem/implementa
tion/system.ngc" -uc system.ucf system.ngd 
#----------------------------------------------#
Release 9.1.02i - ngdbuild J.33
Copyright (c) 1995-2007 Xilinx, Inc.  All rights reserved.

Command Line: ngdbuild -p xc2vp30ff896-7 -nt timestamp -bm system.bmm
D:/Put_Your_Temp_Files_Here/space_invaders/Lab7-final/Lab7BaseSystem/implementat
ion/system.ngc -uc system.ucf system.ngd

Reading NGO file
"D:/Put_Your_Temp_Files_Here/space_invaders/Lab7-final/Lab7BaseSystem/implementa
tion/system.ngc" ...
Loading design module
"D:/Put_Your_Temp_Files_Here/space_invaders/Lab7-final/Lab7BaseSystem/implementa
tion/ppc405_0_wrapper.ngc"...
Loading design module
"D:/Put_Your_Temp_Files_Here/space_invaders/Lab7-final/Lab7BaseSystem/implementa
tion/ppc405_1_wrapper.ngc"...
Loading design module
"D:/Put_Your_Temp_Files_Here/space_invaders/Lab7-final/Lab7BaseSystem/implementa
tion/jtagppc_0_wrapper.ngc"...
Loading design module
"D:/Put_Your_Temp_Files_Here/space_invaders/Lab7-final/Lab7BaseSystem/implementa
tion/reset_block_wrapper.ngc"...
Loading design module
"D:/Put_Your_Temp_Files_Here/space_invaders/Lab7-final/Lab7BaseSystem/implementa
tion/plb_wrapper.ngc"...
Loading design module
"D:/Put_Your_Temp_Files_Here/space_invaders/Lab7-final/Lab7BaseSystem/implementa
tion/opb_wrapper.ngc"...
Loading design module
"D:/Put_Your_Temp_Files_Here/space_invaders/Lab7-final/Lab7BaseSystem/implementa
tion/plb2opb_wrapper.ngc"...
Loading design module
"D:/Put_Your_Temp_Files_Here/space_invaders/Lab7-final/Lab7BaseSystem/implementa
tion/rs232_uart_1_wrapper.ngc"...
Loading design module
"D:/Put_Your_Temp_Files_Here/space_invaders/Lab7-final/Lab7BaseSystem/implementa
tion/sysace_compactflash_wrapper.ngc"...
Loading design module
"D:/Put_Your_Temp_Files_Here/space_invaders/Lab7-final/Lab7BaseSystem/implementa
tion/leds_4bit_wrapper.ngc"...
Loading design module
"D:/Put_Your_Temp_Files_Here/space_invaders/Lab7-final/Lab7BaseSystem/implementa
tion/dipsws_4bit_wrapper.ngc"...
Loading design module
"D:/Put_Your_Temp_Files_Here/space_invaders/Lab7-final/Lab7BaseSystem/implementa
tion/pushbuttons_5bit_wrapper.ngc"...
Loading design module
"D:/Put_Your_Temp_Files_Here/space_invaders/Lab7-final/Lab7BaseSystem/implementa
tion/ddr_256mb_32mx64_rank1_row13_col10_cl2_5_wrapper.ngc"...
Loading design module
"D:/Put_Your_Temp_Files_Here/space_invaders/Lab7-final/Lab7BaseSystem/implementa
tion/plb_bram_if_cntlr_1_wrapper.ngc"...
Loading design module
"D:/Put_Your_Temp_Files_Here/space_invaders/Lab7-final/Lab7BaseSystem/implementa
tion/plb_bram_if_cntlr_1_bram_wrapper.ngc"...
Loading design module
"D:/Put_Your_Temp_Files_Here/space_invaders/Lab7-final/Lab7BaseSystem/implementa
tion/opb_intc_0_wrapper.ngc"...
Loading design module
"D:/Put_Your_Temp_Files_Here/space_invaders/Lab7-final/Lab7BaseSystem/implementa
tion/sysclk_inv_wrapper.ngc"...
Loading design module
"D:/Put_Your_Temp_Files_Here/space_invaders/Lab7-final/Lab7BaseSystem/implementa
tion/clk90_inv_wrapper.ngc"...
Loading design module
"D:/Put_Your_Temp_Files_Here/space_invaders/Lab7-final/Lab7BaseSystem/implementa
tion/ddr_clk90_inv_wrapper.ngc"...
Loading design module
"D:/Put_Your_Temp_Files_Here/space_invaders/Lab7-final/Lab7BaseSystem/implementa
tion/dcm_0_wrapper.ngc"...
Loading design module
"D:/Put_Your_Temp_Files_Here/space_invaders/Lab7-final/Lab7BaseSystem/implementa
tion/dcm_1_wrapper.ngc"...
Loading design module
"D:/Put_Your_Temp_Files_Here/space_invaders/Lab7-final/Lab7BaseSystem/implementa
tion/vga_framebuffer_wrapper.ngc"...
Loading design module
"D:/Put_Your_Temp_Files_Here/space_invaders/Lab7-final/Lab7BaseSystem/implementa
tion/dcr_v29_0_wrapper.ngc"...
Loading design module
"D:/Put_Your_Temp_Files_Here/space_invaders/Lab7-final/Lab7BaseSystem/implementa
tion/opb2dcr_bridge_0_wrapper.ngc"...
Loading design module
"D:/Put_Your_Temp_Files_Here/space_invaders/Lab7-final/Lab7BaseSystem/implementa
tion/audio_codec_wrapper.ngc"...
Loading design module
"D:/Put_Your_Temp_Files_Here/space_invaders/Lab7-final/Lab7BaseSystem/implementa
tion/lab3_slave_0_wrapper.ngc"...
Loading design module
"D:/Put_Your_Temp_Files_Here/space_invaders/Lab7-final/Lab7BaseSystem/implementa
tion/opb_spi_0_wrapper.ngc"...

Applying constraints in "system.ucf" to the design...
INFO:NgdBuild:738 - A case sensitive search for the INST, PAD, or NET element
   referred to by a constraint entry in 'system.ucf' that accompanies this
   design has failed, while a case insensitive search is in progress. The result
   of the case insensitive search will be used, but messages will accompany each
   and every use of a case insensitive result. Constraints are case sensitive
   with respect to user-specified identifiers, which includes names of logic
   elements in a design.
INFO:NgdBuild:740 - "system.ucf" Line 553: Found case insensitive match for NET
   name 'EXP_IO_37_pin'. NET is 'exp_io_37_pin'.
INFO:NgdBuild:740 - "system.ucf" Line 554: Found case insensitive match for NET
   name 'EXP_IO_37_pin'. NET is 'exp_io_37_pin'.
INFO:NgdBuild:740 - "system.ucf" Line 555: Found case insensitive match for NET
   name 'EXP_IO_37_pin'. NET is 'exp_io_37_pin'.
INFO:NgdBuild:740 - "system.ucf" Line 556: Found case insensitive match for NET
   name 'EXP_IO_37_pin'. NET is 'exp_io_37_pin'.
INFO:NgdBuild:740 - "system.ucf" Line 557: Found case insensitive match for NET
   name 'EXP_IO_37_pin'. NET is 'exp_io_37_pin'.
INFO:NgdBuild:740 - "system.ucf" Line 559: Found case insensitive match for NET
   name 'EXP_IO_38_pin'. NET is 'exp_io_38_pin'.
INFO:NgdBuild:740 - "system.ucf" Line 560: Found case insensitive match for NET
   name 'EXP_IO_38_pin'. NET is 'exp_io_38_pin'.
INFO:NgdBuild:740 - "system.ucf" Line 561: Found case insensitive match for NET
   name 'EXP_IO_38_pin'. NET is 'exp_io_38_pin'.
INFO:NgdBuild:740 - "system.ucf" Line 562: Found case insensitive match for NET
   name 'EXP_IO_38_pin'. NET is 'exp_io_38_pin'.
INFO:NgdBuild:740 - "system.ucf" Line 563: Found case insensitive match for NET
   name 'EXP_IO_38_pin'. NET is 'exp_io_38_pin'.
INFO:NgdBuild:740 - "system.ucf" Line 565: Found case insensitive match for NET
   name 'EXP_IO_35_pin'. NET is 'exp_io_35_pin'.
INFO:NgdBuild:740 - "system.ucf" Line 566: Found case insensitive match for NET
   name 'EXP_IO_35_pin'. NET is 'exp_io_35_pin'.
INFO:NgdBuild:740 - "system.ucf" Line 567: Found case insensitive match for NET
   name 'EXP_IO_35_pin'. NET is 'exp_io_35_pin'.
INFO:NgdBuild:740 - "system.ucf" Line 568: Found case insensitive match for NET
   name 'EXP_IO_35_pin'. NET is 'exp_io_35_pin'.
INFO:NgdBuild:740 - "system.ucf" Line 569: Found case insensitive match for NET
   name 'EXP_IO_35_pin'. NET is 'exp_io_35_pin'.
INFO:NgdBuild:740 - "system.ucf" Line 571: Found case insensitive match for NET
   name 'EXP_IO_36_pin'. NET is 'exp_io_36_pin'.
INFO:NgdBuild:740 - "system.ucf" Line 572: Found case insensitive match for NET
   name 'EXP_IO_36_pin'. NET is 'exp_io_36_pin'.
INFO:NgdBuild:740 - "system.ucf" Line 573: Found case insensitive match for NET
   name 'EXP_IO_36_pin'. NET is 'exp_io_36_pin'.
INFO:NgdBuild:740 - "system.ucf" Line 574: Found case insensitive match for NET
   name 'EXP_IO_36_pin'. NET is 'exp_io_36_pin'.
INFO:NgdBuild:740 - "system.ucf" Line 575: Found case insensitive match for NET
   name 'EXP_IO_36_pin'. NET is 'exp_io_36_pin'.
INFO:NgdBuild:740 - "system.ucf" Line 577: Found case insensitive match for NET
   name 'EXP_IO_33_pin'. NET is 'exp_io_33_pin'.
INFO:NgdBuild:740 - "system.ucf" Line 578: Found case insensitive match for NET
   name 'EXP_IO_33_pin'. NET is 'exp_io_33_pin'.
INFO:NgdBuild:740 - "system.ucf" Line 579: Found case insensitive match for NET
   name 'EXP_IO_33_pin'. NET is 'exp_io_33_pin'.
INFO:NgdBuild:740 - "system.ucf" Line 580: Found case insensitive match for NET
   name 'EXP_IO_33_pin'. NET is 'exp_io_33_pin'.
INFO:NgdBuild:740 - "system.ucf" Line 581: Found case insensitive match for NET
   name 'EXP_IO_33_pin'. NET is 'exp_io_33_pin'.
INFO:NgdBuild:740 - "system.ucf" Line 583: Found case insensitive match for NET
   name 'EXP_IO_34_pin'. NET is 'exp_io_34_pin'.
INFO:NgdBuild:740 - "system.ucf" Line 584: Found case insensitive match for NET
   name 'EXP_IO_34_pin'. NET is 'exp_io_34_pin'.
INFO:NgdBuild:740 - "system.ucf" Line 585: Found case insensitive match for NET
   name 'EXP_IO_34_pin'. NET is 'exp_io_34_pin'.
INFO:NgdBuild:740 - "system.ucf" Line 586: Found case insensitive match for NET
   name 'EXP_IO_34_pin'. NET is 'exp_io_34_pin'.
INFO:NgdBuild:740 - "system.ucf" Line 587: Found case insensitive match for NET
   name 'EXP_IO_34_pin'. NET is 'exp_io_34_pin'.
INFO:NgdBuild:740 - "system.ucf" Line 589: Found case insensitive match for NET
   name 'EXP_IO_31_pin'. NET is 'exp_io_31_pin'.
INFO:NgdBuild:740 - "system.ucf" Line 590: Found case insensitive match for NET
   name 'EXP_IO_31_pin'. NET is 'exp_io_31_pin'.
INFO:NgdBuild:740 - "system.ucf" Line 591: Found case insensitive match for NET
   name 'EXP_IO_31_pin'. NET is 'exp_io_31_pin'.
INFO:NgdBuild:740 - "system.ucf" Line 592: Found case insensitive match for NET
   name 'EXP_IO_31_pin'. NET is 'exp_io_31_pin'.
INFO:NgdBuild:740 - "system.ucf" Line 593: Found case insensitive match for NET
   name 'EXP_IO_31_pin'. NET is 'exp_io_31_pin'.
INFO:NgdBuild:740 - "system.ucf" Line 595: Found case insensitive match for NET
   name 'EXP_IO_32_pin'. NET is 'exp_io_32_pin'.
INFO:NgdBuild:740 - "system.ucf" Line 596: Found case insensitive match for NET
   name 'EXP_IO_32_pin'. NET is 'exp_io_32_pin'.
INFO:NgdBuild:740 - "system.ucf" Line 597: Found case insensitive match for NET
   name 'EXP_IO_32_pin'. NET is 'exp_io_32_pin'.
INFO:NgdBuild:740 - "system.ucf" Line 598: Found case insensitive match for NET
   name 'EXP_IO_32_pin'. NET is 'exp_io_32_pin'.
INFO:NgdBuild:740 - "system.ucf" Line 599: Found case insensitive match for NET
   name 'EXP_IO_32_pin'. NET is 'exp_io_32_pin'.
INFO:NgdBuild:740 - "system.ucf" Line 601: Found case insensitive match for NET
   name 'EXP_IO_29_pin'. NET is 'exp_io_29_pin'.
INFO:NgdBuild:740 - "system.ucf" Line 602: Found case insensitive match for NET
   name 'EXP_IO_29_pin'. NET is 'exp_io_29_pin'.
INFO:NgdBuild:740 - "system.ucf" Line 603: Found case insensitive match for NET
   name 'EXP_IO_29_pin'. NET is 'exp_io_29_pin'.
INFO:NgdBuild:740 - "system.ucf" Line 604: Found case insensitive match for NET
   name 'EXP_IO_29_pin'. NET is 'exp_io_29_pin'.
INFO:NgdBuild:740 - "system.ucf" Line 605: Found case insensitive match for NET
   name 'EXP_IO_29_pin'. NET is 'exp_io_29_pin'.
INFO:NgdBuild:740 - "system.ucf" Line 607: Found case insensitive match for NET
   name 'EXP_IO_30_pin'. NET is 'exp_io_30_pin'.
INFO:NgdBuild:740 - "system.ucf" Line 608: Found case insensitive match for NET
   name 'EXP_IO_30_pin'. NET is 'exp_io_30_pin'.
INFO:NgdBuild:740 - "system.ucf" Line 609: Found case insensitive match for NET
   name 'EXP_IO_30_pin'. NET is 'exp_io_30_pin'.
INFO:NgdBuild:740 - "system.ucf" Line 610: Found case insensitive match for NET
   name 'EXP_IO_30_pin'. NET is 'exp_io_30_pin'.
INFO:NgdBuild:740 - "system.ucf" Line 611: Found case insensitive match for NET
   name 'EXP_IO_30_pin'. NET is 'exp_io_30_pin'.
INFO:NgdBuild:740 - "system.ucf" Line 613: Found case insensitive match for NET
   name 'EXP_IO_27_pin'. NET is 'exp_io_27_pin'.
INFO:NgdBuild:740 - "system.ucf" Line 614: Found case insensitive match for NET
   name 'EXP_IO_27_pin'. NET is 'exp_io_27_pin'.
INFO:NgdBuild:740 - "system.ucf" Line 615: Found case insensitive match for NET
   name 'EXP_IO_27_pin'. NET is 'exp_io_27_pin'.
INFO:NgdBuild:740 - "system.ucf" Line 616: Found case insensitive match for NET
   name 'EXP_IO_27_pin'. NET is 'exp_io_27_pin'.
INFO:NgdBuild:740 - "system.ucf" Line 617: Found case insensitive match for NET
   name 'EXP_IO_27_pin'. NET is 'exp_io_27_pin'.
INFO:NgdBuild:740 - "system.ucf" Line 619: Found case insensitive match for NET
   name 'EXP_IO_28_pin'. NET is 'exp_io_28_pin'.
INFO:NgdBuild:740 - "system.ucf" Line 620: Found case insensitive match for NET
   name 'EXP_IO_28_pin'. NET is 'exp_io_28_pin'.
INFO:NgdBuild:740 - "system.ucf" Line 621: Found case insensitive match for NET
   name 'EXP_IO_28_pin'. NET is 'exp_io_28_pin'.
INFO:NgdBuild:740 - "system.ucf" Line 622: Found case insensitive match for NET
   name 'EXP_IO_28_pin'. NET is 'exp_io_28_pin'.
INFO:NgdBuild:740 - "system.ucf" Line 623: Found case insensitive match for NET
   name 'EXP_IO_28_pin'. NET is 'exp_io_28_pin'.
INFO:NgdBuild:740 - "system.ucf" Line 625: Found case insensitive match for NET
   name 'EXP_IO_40_pin'. NET is 'exp_io_40_pin'.
INFO:NgdBuild:740 - "system.ucf" Line 626: Found case insensitive match for NET
   name 'EXP_IO_40_pin'. NET is 'exp_io_40_pin'.
INFO:NgdBuild:740 - "system.ucf" Line 631: Found case insensitive match for NET
   name 'EXP_IO_41_pin'. NET is 'exp_io_41_pin'.
INFO:NgdBuild:740 - "system.ucf" Line 632: Found case insensitive match for NET
   name 'EXP_IO_41_pin'. NET is 'exp_io_41_pin'.
INFO:NgdBuild:740 - "system.ucf" Line 633: Found case insensitive match for NET
   name 'EXP_IO_41_pin'. NET is 'exp_io_41_pin'.
INFO:NgdBuild:740 - "system.ucf" Line 634: Found case insensitive match for NET
   name 'EXP_IO_41_pin'. NET is 'exp_io_41_pin'.
INFO:NgdBuild:740 - "system.ucf" Line 635: Found case insensitive match for NET
   name 'EXP_IO_41_pin'. NET is 'exp_io_41_pin'.
INFO:NgdBuild:740 - "system.ucf" Line 637: Found case insensitive match for NET
   name 'EXP_IO_42_pin'. NET is 'exp_io_42_pin'.
INFO:NgdBuild:740 - "system.ucf" Line 638: Found case insensitive match for NET
   name 'EXP_IO_42_pin'. NET is 'exp_io_42_pin'.
INFO:NgdBuild:740 - "system.ucf" Line 643: Found case insensitive match for NET
   name 'EXP_IO_43_pin'. NET is 'exp_io_43_pin'.
INFO:NgdBuild:740 - "system.ucf" Line 644: Found case insensitive match for NET
   name 'EXP_IO_43_pin'. NET is 'exp_io_43_pin'.
INFO:NgdBuild:740 - "system.ucf" Line 645: Found case insensitive match for NET
   name 'EXP_IO_43_pin'. NET is 'exp_io_43_pin'.
INFO:NgdBuild:740 - "system.ucf" Line 646: Found case insensitive match for NET
   name 'EXP_IO_43_pin'. NET is 'exp_io_43_pin'.
INFO:NgdBuild:740 - "system.ucf" Line 647: Found case insensitive match for NET
   name 'EXP_IO_43_pin'. NET is 'exp_io_43_pin'.
INFO:NgdBuild:740 - "system.ucf" Line 649: Found case insensitive match for NET
   name 'EXP_IO_44_pin'. NET is 'exp_io_44_pin'.
INFO:NgdBuild:740 - "system.ucf" Line 650: Found case insensitive match for NET
   name 'EXP_IO_44_pin'. NET is 'exp_io_44_pin'.
INFO:NgdBuild:740 - "system.ucf" Line 655: Found case insensitive match for NET
   name 'EXP_IO_45_pin'. NET is 'exp_io_45_pin'.
INFO:NgdBuild:740 - "system.ucf" Line 656: Found case insensitive match for NET
   name 'EXP_IO_45_pin'. NET is 'exp_io_45_pin'.
INFO:NgdBuild:740 - "system.ucf" Line 668: Found case insensitive match for NET
   name 'EXP_IO_48_pin'. NET is 'exp_io_48_pin'.
INFO:NgdBuild:740 - "system.ucf" Line 669: Found case insensitive match for NET
   name 'EXP_IO_48_pin'. NET is 'exp_io_48_pin'.
INFO:NgdBuild:740 - "system.ucf" Line 670: Found case insensitive match for NET
   name 'EXP_IO_48_pin'. NET is 'exp_io_48_pin'.
INFO:NgdBuild:740 - "system.ucf" Line 671: Found case insensitive match for NET
   name 'EXP_IO_48_pin'. NET is 'exp_io_48_pin'.
INFO:NgdBuild:740 - "system.ucf" Line 672: Found case insensitive match for NET
   name 'EXP_IO_48_pin'. NET is 'exp_io_48_pin'.
INFO:NgdBuild:740 - "system.ucf" Line 676: Found case insensitive match for NET
   name 'EXP_IO_50_pin'. NET is 'exp_io_50_pin'.
INFO:NgdBuild:740 - "system.ucf" Line 677: Found case insensitive match for NET
   name 'EXP_IO_50_pin'. NET is 'exp_io_50_pin'.
INFO:NgdBuild:740 - "system.ucf" Line 678: Found case insensitive match for NET
   name 'EXP_IO_50_pin'. NET is 'exp_io_50_pin'.
INFO:NgdBuild:740 - "system.ucf" Line 679: Found case insensitive match for NET
   name 'EXP_IO_50_pin'. NET is 'exp_io_50_pin'.
INFO:NgdBuild:740 - "system.ucf" Line 680: Found case insensitive match for NET
   name 'EXP_IO_50_pin'. NET is 'exp_io_50_pin'.
INFO:NgdBuild:740 - "system.ucf" Line 684: Found case insensitive match for NET
   name 'EXP_IO_52_pin'. NET is 'exp_io_52_pin'.
INFO:NgdBuild:740 - "system.ucf" Line 685: Found case insensitive match for NET
   name 'EXP_IO_52_pin'. NET is 'exp_io_52_pin'.
INFO:NgdBuild:740 - "system.ucf" Line 686: Found case insensitive match for NET
   name 'EXP_IO_52_pin'. NET is 'exp_io_52_pin'.
INFO:NgdBuild:740 - "system.ucf" Line 687: Found case insensitive match for NET
   name 'EXP_IO_52_pin'. NET is 'exp_io_52_pin'.
INFO:NgdBuild:740 - "system.ucf" Line 688: Found case insensitive match for NET
   name 'EXP_IO_52_pin'. NET is 'exp_io_52_pin'.
INFO:NgdBuild:740 - "system.ucf" Line 690: Found case insensitive match for NET
   name 'EXP_IO_53_pin'. NET is 'exp_io_53_pin'.
INFO:NgdBuild:740 - "system.ucf" Line 691: Found case insensitive match for NET
   name 'EXP_IO_53_pin'. NET is 'exp_io_53_pin'.
INFO:NgdBuild:740 - "system.ucf" Line 692: Found case insensitive match for NET
   name 'EXP_IO_53_pin'. NET is 'exp_io_53_pin'.
INFO:NgdBuild:740 - "system.ucf" Line 693: Found case insensitive match for NET
   name 'EXP_IO_53_pin'. NET is 'exp_io_53_pin'.
INFO:NgdBuild:740 - "system.ucf" Line 694: Found case insensitive match for NET
   name 'EXP_IO_53_pin'. NET is 'exp_io_53_pin'.
INFO:NgdBuild:740 - "system.ucf" Line 696: Found case insensitive match for NET
   name 'EXP_IO_54_pin'. NET is 'exp_io_54_pin'.
INFO:NgdBuild:740 - "system.ucf" Line 697: Found case insensitive match for NET
   name 'EXP_IO_54_pin'. NET is 'exp_io_54_pin'.
INFO:NgdBuild:740 - "system.ucf" Line 698: Found case insensitive match for NET
   name 'EXP_IO_54_pin'. NET is 'exp_io_54_pin'.
INFO:NgdBuild:740 - "system.ucf" Line 699: Found case insensitive match for NET
   name 'EXP_IO_54_pin'. NET is 'exp_io_54_pin'.
INFO:NgdBuild:740 - "system.ucf" Line 700: Found case insensitive match for NET
   name 'EXP_IO_54_pin'. NET is 'exp_io_54_pin'.
INFO:NgdBuild:740 - "system.ucf" Line 702: Found case insensitive match for NET
   name 'EXP_IO_55_pin'. NET is 'exp_io_55_pin'.
INFO:NgdBuild:740 - "system.ucf" Line 703: Found case insensitive match for NET
   name 'EXP_IO_55_pin'. NET is 'exp_io_55_pin'.
INFO:NgdBuild:740 - "system.ucf" Line 704: Found case insensitive match for NET
   name 'EXP_IO_55_pin'. NET is 'exp_io_55_pin'.
INFO:NgdBuild:740 - "system.ucf" Line 705: Found case insensitive match for NET
   name 'EXP_IO_55_pin'. NET is 'exp_io_55_pin'.
INFO:NgdBuild:740 - "system.ucf" Line 706: Found case insensitive match for NET
   name 'EXP_IO_55_pin'. NET is 'exp_io_55_pin'.
INFO:NgdBuild:740 - "system.ucf" Line 708: Found case insensitive match for NET
   name 'EXP_IO_56_pin'. NET is 'exp_io_56_pin'.
INFO:NgdBuild:740 - "system.ucf" Line 709: Found case insensitive match for NET
   name 'EXP_IO_56_pin'. NET is 'exp_io_56_pin'.
INFO:NgdBuild:740 - "system.ucf" Line 710: Found case insensitive match for NET
   name 'EXP_IO_56_pin'. NET is 'exp_io_56_pin'.
INFO:NgdBuild:740 - "system.ucf" Line 711: Found case insensitive match for NET
   name 'EXP_IO_56_pin'. NET is 'exp_io_56_pin'.
INFO:NgdBuild:740 - "system.ucf" Line 712: Found case insensitive match for NET
   name 'EXP_IO_56_pin'. NET is 'exp_io_56_pin'.
INFO:NgdBuild:740 - "system.ucf" Line 714: Found case insensitive match for NET
   name 'EXP_IO_57_pin'. NET is 'exp_io_57_pin'.
INFO:NgdBuild:740 - "system.ucf" Line 715: Found case insensitive match for NET
   name 'EXP_IO_57_pin'. NET is 'exp_io_57_pin'.
INFO:NgdBuild:740 - "system.ucf" Line 716: Found case insensitive match for NET
   name 'EXP_IO_57_pin'. NET is 'exp_io_57_pin'.
INFO:NgdBuild:740 - "system.ucf" Line 717: Found case insensitive match for NET
   name 'EXP_IO_57_pin'. NET is 'exp_io_57_pin'.
INFO:NgdBuild:740 - "system.ucf" Line 718: Found case insensitive match for NET
   name 'EXP_IO_57_pin'. NET is 'exp_io_57_pin'.
INFO:NgdBuild:740 - "system.ucf" Line 720: Found case insensitive match for NET
   name 'EXP_IO_58_pin'. NET is 'exp_io_58_pin'.
INFO:NgdBuild:740 - "system.ucf" Line 721: Found case insensitive match for NET
   name 'EXP_IO_58_pin'. NET is 'exp_io_58_pin'.
INFO:NgdBuild:740 - "system.ucf" Line 722: Found case insensitive match for NET
   name 'EXP_IO_58_pin'. NET is 'exp_io_58_pin'.
INFO:NgdBuild:740 - "system.ucf" Line 723: Found case insensitive match for NET
   name 'EXP_IO_58_pin'. NET is 'exp_io_58_pin'.
INFO:NgdBuild:740 - "system.ucf" Line 724: Found case insensitive match for NET
   name 'EXP_IO_58_pin'. NET is 'exp_io_58_pin'.
INFO:NgdBuild:740 - "system.ucf" Line 726: Found case insensitive match for NET
   name 'EXP_IO_59_pin'. NET is 'exp_io_59_pin'.
INFO:NgdBuild:740 - "system.ucf" Line 727: Found case insensitive match for NET
   name 'EXP_IO_59_pin'. NET is 'exp_io_59_pin'.
INFO:NgdBuild:740 - "system.ucf" Line 728: Found case insensitive match for NET
   name 'EXP_IO_59_pin'. NET is 'exp_io_59_pin'.
INFO:NgdBuild:740 - "system.ucf" Line 729: Found case insensitive match for NET
   name 'EXP_IO_59_pin'. NET is 'exp_io_59_pin'.
INFO:NgdBuild:740 - "system.ucf" Line 730: Found case insensitive match for NET
   name 'EXP_IO_59_pin'. NET is 'exp_io_59_pin'.
INFO:NgdBuild:740 - "system.ucf" Line 732: Found case insensitive match for NET
   name 'EXP_IO_60_pin'. NET is 'exp_io_60_pin'.
INFO:NgdBuild:740 - "system.ucf" Line 733: Found case insensitive match for NET
   name 'EXP_IO_60_pin'. NET is 'exp_io_60_pin'.
INFO:NgdBuild:740 - "system.ucf" Line 734: Found case insensitive match for NET
   name 'EXP_IO_60_pin'. NET is 'exp_io_60_pin'.
INFO:NgdBuild:740 - "system.ucf" Line 735: Found case insensitive match for NET
   name 'EXP_IO_60_pin'. NET is 'exp_io_60_pin'.
INFO:NgdBuild:740 - "system.ucf" Line 736: Found case insensitive match for NET
   name 'EXP_IO_60_pin'. NET is 'exp_io_60_pin'.
INFO:NgdBuild:740 - "system.ucf" Line 738: Found case insensitive match for NET
   name 'EXP_IO_61_pin'. NET is 'exp_io_61_pin'.
INFO:NgdBuild:740 - "system.ucf" Line 739: Found case insensitive match for NET
   name 'EXP_IO_61_pin'. NET is 'exp_io_61_pin'.
INFO:NgdBuild:740 - "system.ucf" Line 744: Found case insensitive match for NET
   name 'EXP_IO_62_pin'. NET is 'exp_io_62_pin'.
INFO:NgdBuild:740 - "system.ucf" Line 745: Found case insensitive match for NET
   name 'EXP_IO_62_pin'. NET is 'exp_io_62_pin'.
INFO:NgdBuild:740 - "system.ucf" Line 746: Found case insensitive match for NET
   name 'EXP_IO_62_pin'. NET is 'exp_io_62_pin'.
INFO:NgdBuild:740 - "system.ucf" Line 747: Found case insensitive match for NET
   name 'EXP_IO_62_pin'. NET is 'exp_io_62_pin'.
INFO:NgdBuild:740 - "system.ucf" Line 748: Found case insensitive match for NET
   name 'EXP_IO_62_pin'. NET is 'exp_io_62_pin'.
INFO:NgdBuild:740 - "system.ucf" Line 750: Found case insensitive match for NET
   name 'EXP_IO_63_pin'. NET is 'exp_io_63_pin'.
INFO:NgdBuild:740 - "system.ucf" Line 751: Found case insensitive match for NET
   name 'EXP_IO_63_pin'. NET is 'exp_io_63_pin'.
INFO:NgdBuild:740 - "system.ucf" Line 756: Found case insensitive match for NET
   name 'EXP_IO_64_pin'. NET is 'exp_io_64_pin'.
INFO:NgdBuild:740 - "system.ucf" Line 757: Found case insensitive match for NET
   name 'EXP_IO_64_pin'. NET is 'exp_io_64_pin'.
INFO:NgdBuild:740 - "system.ucf" Line 762: Found case insensitive match for NET
   name 'EXP_IO_65_pin'. NET is 'exp_io_65_pin'.
INFO:NgdBuild:740 - "system.ucf" Line 763: Found case insensitive match for NET
   name 'EXP_IO_65_pin'. NET is 'exp_io_65_pin'.
INFO:NgdBuild:740 - "system.ucf" Line 764: Found case insensitive match for NET
   name 'EXP_IO_65_pin'. NET is 'exp_io_65_pin'.
INFO:NgdBuild:740 - "system.ucf" Line 765: Found case insensitive match for NET
   name 'EXP_IO_65_pin'. NET is 'exp_io_65_pin'.
INFO:NgdBuild:740 - "system.ucf" Line 766: Found case insensitive match for NET
   name 'EXP_IO_65_pin'. NET is 'exp_io_65_pin'.
INFO:NgdBuild:740 - "system.ucf" Line 768: Found case insensitive match for NET
   name 'EXP_IO_66_pin'. NET is 'exp_io_66_pin'.
INFO:NgdBuild:740 - "system.ucf" Line 769: Found case insensitive match for NET
   name 'EXP_IO_66_pin'. NET is 'exp_io_66_pin'.
INFO:NgdBuild:740 - "system.ucf" Line 774: Found case insensitive match for NET
   name 'EXP_IO_67_pin'. NET is 'exp_io_67_pin'.
INFO:NgdBuild:740 - "system.ucf" Line 775: Found case insensitive match for NET
   name 'EXP_IO_67_pin'. NET is 'exp_io_67_pin'.
INFO:NgdBuild:740 - "system.ucf" Line 776: Found case insensitive match for NET
   name 'EXP_IO_67_pin'. NET is 'exp_io_67_pin'.
INFO:NgdBuild:740 - "system.ucf" Line 777: Found case insensitive match for NET
   name 'EXP_IO_67_pin'. NET is 'exp_io_67_pin'.
INFO:NgdBuild:740 - "system.ucf" Line 778: Found case insensitive match for NET
   name 'EXP_IO_67_pin'. NET is 'exp_io_67_pin'.
INFO:NgdBuild:740 - "system.ucf" Line 780: Found case insensitive match for NET
   name 'EXP_IO_68_pin'. NET is 'exp_io_68_pin'.
INFO:NgdBuild:740 - "system.ucf" Line 781: Found case insensitive match for NET
   name 'EXP_IO_68_pin'. NET is 'exp_io_68_pin'.
INFO:NgdBuild:740 - "system.ucf" Line 786: Found case insensitive match for NET
   name 'EXP_IO_69_pin'. NET is 'exp_io_69_pin'.
INFO:NgdBuild:740 - "system.ucf" Line 787: Found case insensitive match for NET
   name 'EXP_IO_69_pin'. NET is 'exp_io_69_pin'.
INFO:NgdBuild:740 - "system.ucf" Line 788: Found case insensitive match for NET
   name 'EXP_IO_69_pin'. NET is 'exp_io_69_pin'.
INFO:NgdBuild:740 - "system.ucf" Line 789: Found case insensitive match for NET
   name 'EXP_IO_69_pin'. NET is 'exp_io_69_pin'.
INFO:NgdBuild:740 - "system.ucf" Line 790: Found case insensitive match for NET
   name 'EXP_IO_69_pin'. NET is 'exp_io_69_pin'.
INFO:NgdBuild:740 - "system.ucf" Line 792: Found case insensitive match for NET
   name 'EXP_IO_70_pin'. NET is 'exp_io_70_pin'.
INFO:NgdBuild:740 - "system.ucf" Line 793: Found case insensitive match for NET
   name 'EXP_IO_70_pin'. NET is 'exp_io_70_pin'.
INFO:NgdBuild:740 - "system.ucf" Line 798: Found case insensitive match for NET
   name 'EXP_IO_71_pin'. NET is 'exp_io_71_pin'.
INFO:NgdBuild:740 - "system.ucf" Line 799: Found case insensitive match for NET
   name 'EXP_IO_71_pin'. NET is 'exp_io_71_pin'.
INFO:NgdBuild:740 - "system.ucf" Line 800: Found case insensitive match for NET
   name 'EXP_IO_71_pin'. NET is 'exp_io_71_pin'.
INFO:NgdBuild:740 - "system.ucf" Line 801: Found case insensitive match for NET
   name 'EXP_IO_71_pin'. NET is 'exp_io_71_pin'.
INFO:NgdBuild:740 - "system.ucf" Line 802: Found case insensitive match for NET
   name 'EXP_IO_71_pin'. NET is 'exp_io_71_pin'.
INFO:NgdBuild:740 - "system.ucf" Line 804: Found case insensitive match for NET
   name 'EXP_IO_72_pin'. NET is 'exp_io_72_pin'.
INFO:NgdBuild:740 - "system.ucf" Line 805: Found case insensitive match for NET
   name 'EXP_IO_72_pin'. NET is 'exp_io_72_pin'.
INFO:NgdBuild:740 - "system.ucf" Line 810: Found case insensitive match for NET
   name 'EXP_IO_73_pin'. NET is 'exp_io_73_pin'.
INFO:NgdBuild:740 - "system.ucf" Line 811: Found case insensitive match for NET
   name 'EXP_IO_73_pin'. NET is 'exp_io_73_pin'.
INFO:NgdBuild:740 - "system.ucf" Line 812: Found case insensitive match for NET
   name 'EXP_IO_73_pin'. NET is 'exp_io_73_pin'.
INFO:NgdBuild:740 - "system.ucf" Line 813: Found case insensitive match for NET
   name 'EXP_IO_73_pin'. NET is 'exp_io_73_pin'.
INFO:NgdBuild:740 - "system.ucf" Line 814: Found case insensitive match for NET
   name 'EXP_IO_73_pin'. NET is 'exp_io_73_pin'.
INFO:NgdBuild:740 - "system.ucf" Line 816: Found case insensitive match for NET
   name 'EXP_IO_74_pin'. NET is 'exp_io_74_pin'.
INFO:NgdBuild:740 - "system.ucf" Line 817: Found case insensitive match for NET
   name 'EXP_IO_74_pin'. NET is 'exp_io_74_pin'.
INFO:NgdBuild:740 - "system.ucf" Line 822: Found case insensitive match for NET
   name 'EXP_IO_75_pin'. NET is 'exp_io_75_pin'.
INFO:NgdBuild:740 - "system.ucf" Line 823: Found case insensitive match for NET
   name 'EXP_IO_75_pin'. NET is 'exp_io_75_pin'.
INFO:NgdBuild:740 - "system.ucf" Line 824: Found case insensitive match for NET
   name 'EXP_IO_75_pin'. NET is 'exp_io_75_pin'.
INFO:NgdBuild:740 - "system.ucf" Line 825: Found case insensitive match for NET
   name 'EXP_IO_75_pin'. NET is 'exp_io_75_pin'.
INFO:NgdBuild:740 - "system.ucf" Line 826: Found case insensitive match for NET
   name 'EXP_IO_75_pin'. NET is 'exp_io_75_pin'.
INFO:NgdBuild:740 - "system.ucf" Line 828: Found case insensitive match for NET
   name 'EXP_IO_76_pin'. NET is 'exp_io_76_pin'.
INFO:NgdBuild:740 - "system.ucf" Line 829: Found case insensitive match for NET
   name 'EXP_IO_76_pin'. NET is 'exp_io_76_pin'.

Checking timing specifications ...
INFO:XdmHelpers:851 - TNM "fpga_0_DDR_CLK_FB", used in period specification
   "TS_fpga_0_DDR_CLK_FB", was traced into DCM instance
   "dcm_1/dcm_1/Using_Virtex.DCM_INST". The following new TNM groups and period
   specifications were generated at the DCM output(s):
   CLK90: TS_dcm_1_dcm_1_CLK90_BUF=PERIOD dcm_1_dcm_1_CLK90_BUF
TS_fpga_0_DDR_CLK_FB*1 PHASE + 4.844 nS HIGH 50%
INFO:XdmHelpers:851 - TNM "sys_clk_pin", used in period specification
   "TS_sys_clk_pin", was traced into DCM instance
   "dcm_0/dcm_0/Using_Virtex.DCM_INST". The following new TNM groups and period
   specifications were generated at the DCM output(s):
   CLK0: TS_dcm_0_dcm_0_CLK0_BUF=PERIOD dcm_0_dcm_0_CLK0_BUF TS_sys_clk_pin*1
HIGH 50%
   CLK90: TS_dcm_0_dcm_0_CLK90_BUF=PERIOD dcm_0_dcm_0_CLK90_BUF TS_sys_clk_pin*1
PHASE + 2.5 nS HIGH 50%
INFO:XdmHelpers:851 - TNM "dcm_0_dcm_0_CLK0_BUF", used in period specification
   "TS_dcm_0_dcm_0_CLK0_BUF", was traced into DCM instance
   "vga_framebuffer/vga_framebuffer/DCM_pixclk.DCM_pixclk". The following new
   TNM groups and period specifications were generated at the DCM output(s):
   CLKDV: TS_vga_framebuffer_vga_framebuffer_CLKDV=PERIOD
vga_framebuffer_vga_framebuffer_CLKDV TS_dcm_0_dcm_0_CLK0_BUF*4 HIGH 50%
WARNING:XdmHelpers:662 - Period specification "TS_dcm_0_dcm_0_CLK0_BUF"
   references the TNM group "dcm_0_dcm_0_CLK0_BUF", which contains both pads and
   synchronous elements. The timing analyzer will ignore the pads for this
   specification. You might want to use a qualifier (e.g. "FFS") on the TNM
   property to remove the pads from this group.

Processing BMM file ...

Checking expanded design ...
WARNING:NgdBuild:440 - FF primitive
   'ddr_256mb_32mx64_rank1_row13_col10_cl2_5/ddr_256mb_32mx64_rank1_row13_col10_
   cl2_5/WO_ECC.DDR_CTRL_I/WO_ECC_BUS1XDDR.IO_REG_I/NOT_VIRTEX4_IOREGS.INPUT_DDR
   _REGS_GEN[63].RDDATA_LOREG' has unconnected output pin
WARNING:NgdBuild:440 - FF primitive
   'ddr_256mb_32mx64_rank1_row13_col10_cl2_5/ddr_256mb_32mx64_rank1_row13_col10_
   cl2_5/WO_ECC.DDR_CTRL_I/WO_ECC_BUS1XDDR.IO_REG_I/NOT_VIRTEX4_IOREGS.INPUT_DDR
   _REGS_GEN[62].RDDATA_LOREG' has unconnected output pin
WARNING:NgdBuild:440 - FF primitive
   'ddr_256mb_32mx64_rank1_row13_col10_cl2_5/ddr_256mb_32mx64_rank1_row13_col10_
   cl2_5/WO_ECC.DDR_CTRL_I/WO_ECC_BUS1XDDR.IO_REG_I/NOT_VIRTEX4_IOREGS.INPUT_DDR
   _REGS_GEN[61].RDDATA_LOREG' has unconnected output pin
WARNING:NgdBuild:440 - FF primitive
   'ddr_256mb_32mx64_rank1_row13_col10_cl2_5/ddr_256mb_32mx64_rank1_row13_col10_
   cl2_5/WO_ECC.DDR_CTRL_I/WO_ECC_BUS1XDDR.IO_REG_I/NOT_VIRTEX4_IOREGS.INPUT_DDR
   _REGS_GEN[60].RDDATA_LOREG' has unconnected output pin
WARNING:NgdBuild:440 - FF primitive
   'ddr_256mb_32mx64_rank1_row13_col10_cl2_5/ddr_256mb_32mx64_rank1_row13_col10_
   cl2_5/WO_ECC.DDR_CTRL_I/WO_ECC_BUS1XDDR.IO_REG_I/NOT_VIRTEX4_IOREGS.INPUT_DDR
   _REGS_GEN[59].RDDATA_LOREG' has unconnected output pin
WARNING:NgdBuild:440 - FF primitive
   'ddr_256mb_32mx64_rank1_row13_col10_cl2_5/ddr_256mb_32mx64_rank1_row13_col10_
   cl2_5/WO_ECC.DDR_CTRL_I/WO_ECC_BUS1XDDR.IO_REG_I/NOT_VIRTEX4_IOREGS.INPUT_DDR
   _REGS_GEN[58].RDDATA_LOREG' has unconnected output pin
WARNING:NgdBuild:440 - FF primitive
   'ddr_256mb_32mx64_rank1_row13_col10_cl2_5/ddr_256mb_32mx64_rank1_row13_col10_
   cl2_5/WO_ECC.DDR_CTRL_I/WO_ECC_BUS1XDDR.IO_REG_I/NOT_VIRTEX4_IOREGS.INPUT_DDR
   _REGS_GEN[57].RDDATA_LOREG' has unconnected output pin
WARNING:NgdBuild:440 - FF primitive
   'ddr_256mb_32mx64_rank1_row13_col10_cl2_5/ddr_256mb_32mx64_rank1_row13_col10_
   cl2_5/WO_ECC.DDR_CTRL_I/WO_ECC_BUS1XDDR.IO_REG_I/NOT_VIRTEX4_IOREGS.INPUT_DDR
   _REGS_GEN[56].RDDATA_LOREG' has unconnected output pin
WARNING:NgdBuild:440 - FF primitive
   'ddr_256mb_32mx64_rank1_row13_col10_cl2_5/ddr_256mb_32mx64_rank1_row13_col10_
   cl2_5/WO_ECC.DDR_CTRL_I/WO_ECC_BUS1XDDR.IO_REG_I/NOT_VIRTEX4_IOREGS.INPUT_DDR
   _REGS_GEN[55].RDDATA_LOREG' has unconnected output pin
WARNING:NgdBuild:440 - FF primitive
   'ddr_256mb_32mx64_rank1_row13_col10_cl2_5/ddr_256mb_32mx64_rank1_row13_col10_
   cl2_5/WO_ECC.DDR_CTRL_I/WO_ECC_BUS1XDDR.IO_REG_I/NOT_VIRTEX4_IOREGS.INPUT_DDR
   _REGS_GEN[54].RDDATA_LOREG' has unconnected output pin
WARNING:NgdBuild:440 - FF primitive
   'ddr_256mb_32mx64_rank1_row13_col10_cl2_5/ddr_256mb_32mx64_rank1_row13_col10_
   cl2_5/WO_ECC.DDR_CTRL_I/WO_ECC_BUS1XDDR.IO_REG_I/NOT_VIRTEX4_IOREGS.INPUT_DDR
   _REGS_GEN[53].RDDATA_LOREG' has unconnected output pin
WARNING:NgdBuild:440 - FF primitive
   'ddr_256mb_32mx64_rank1_row13_col10_cl2_5/ddr_256mb_32mx64_rank1_row13_col10_
   cl2_5/WO_ECC.DDR_CTRL_I/WO_ECC_BUS1XDDR.IO_REG_I/NOT_VIRTEX4_IOREGS.INPUT_DDR
   _REGS_GEN[52].RDDATA_LOREG' has unconnected output pin
WARNING:NgdBuild:440 - FF primitive
   'ddr_256mb_32mx64_rank1_row13_col10_cl2_5/ddr_256mb_32mx64_rank1_row13_col10_
   cl2_5/WO_ECC.DDR_CTRL_I/WO_ECC_BUS1XDDR.IO_REG_I/NOT_VIRTEX4_IOREGS.INPUT_DDR
   _REGS_GEN[51].RDDATA_LOREG' has unconnected output pin
WARNING:NgdBuild:440 - FF primitive
   'ddr_256mb_32mx64_rank1_row13_col10_cl2_5/ddr_256mb_32mx64_rank1_row13_col10_
   cl2_5/WO_ECC.DDR_CTRL_I/WO_ECC_BUS1XDDR.IO_REG_I/NOT_VIRTEX4_IOREGS.INPUT_DDR
   _REGS_GEN[50].RDDATA_LOREG' has unconnected output pin
WARNING:NgdBuild:440 - FF primitive
   'ddr_256mb_32mx64_rank1_row13_col10_cl2_5/ddr_256mb_32mx64_rank1_row13_col10_
   cl2_5/WO_ECC.DDR_CTRL_I/WO_ECC_BUS1XDDR.IO_REG_I/NOT_VIRTEX4_IOREGS.INPUT_DDR
   _REGS_GEN[49].RDDATA_LOREG' has unconnected output pin
WARNING:NgdBuild:440 - FF primitive
   'ddr_256mb_32mx64_rank1_row13_col10_cl2_5/ddr_256mb_32mx64_rank1_row13_col10_
   cl2_5/WO_ECC.DDR_CTRL_I/WO_ECC_BUS1XDDR.IO_REG_I/NOT_VIRTEX4_IOREGS.INPUT_DDR
   _REGS_GEN[48].RDDATA_LOREG' has unconnected output pin
WARNING:NgdBuild:440 - FF primitive
   'ddr_256mb_32mx64_rank1_row13_col10_cl2_5/ddr_256mb_32mx64_rank1_row13_col10_
   cl2_5/WO_ECC.DDR_CTRL_I/WO_ECC_BUS1XDDR.IO_REG_I/NOT_VIRTEX4_IOREGS.INPUT_DDR
   _REGS_GEN[47].RDDATA_LOREG' has unconnected output pin
WARNING:NgdBuild:440 - FF primitive
   'ddr_256mb_32mx64_rank1_row13_col10_cl2_5/ddr_256mb_32mx64_rank1_row13_col10_
   cl2_5/WO_ECC.DDR_CTRL_I/WO_ECC_BUS1XDDR.IO_REG_I/NOT_VIRTEX4_IOREGS.INPUT_DDR
   _REGS_GEN[46].RDDATA_LOREG' has unconnected output pin
WARNING:NgdBuild:440 - FF primitive
   'ddr_256mb_32mx64_rank1_row13_col10_cl2_5/ddr_256mb_32mx64_rank1_row13_col10_
   cl2_5/WO_ECC.DDR_CTRL_I/WO_ECC_BUS1XDDR.IO_REG_I/NOT_VIRTEX4_IOREGS.INPUT_DDR
   _REGS_GEN[45].RDDATA_LOREG' has unconnected output pin
WARNING:NgdBuild:440 - FF primitive
   'ddr_256mb_32mx64_rank1_row13_col10_cl2_5/ddr_256mb_32mx64_rank1_row13_col10_
   cl2_5/WO_ECC.DDR_CTRL_I/WO_ECC_BUS1XDDR.IO_REG_I/NOT_VIRTEX4_IOREGS.INPUT_DDR
   _REGS_GEN[44].RDDATA_LOREG' has unconnected output pin
WARNING:NgdBuild:440 - FF primitive
   'ddr_256mb_32mx64_rank1_row13_col10_cl2_5/ddr_256mb_32mx64_rank1_row13_col10_
   cl2_5/WO_ECC.DDR_CTRL_I/WO_ECC_BUS1XDDR.IO_REG_I/NOT_VIRTEX4_IOREGS.INPUT_DDR
   _REGS_GEN[43].RDDATA_LOREG' has unconnected output pin
WARNING:NgdBuild:440 - FF primitive
   'ddr_256mb_32mx64_rank1_row13_col10_cl2_5/ddr_256mb_32mx64_rank1_row13_col10_
   cl2_5/WO_ECC.DDR_CTRL_I/WO_ECC_BUS1XDDR.IO_REG_I/NOT_VIRTEX4_IOREGS.INPUT_DDR
   _REGS_GEN[42].RDDATA_LOREG' has unconnected output pin
WARNING:NgdBuild:440 - FF primitive
   'ddr_256mb_32mx64_rank1_row13_col10_cl2_5/ddr_256mb_32mx64_rank1_row13_col10_
   cl2_5/WO_ECC.DDR_CTRL_I/WO_ECC_BUS1XDDR.IO_REG_I/NOT_VIRTEX4_IOREGS.INPUT_DDR
   _REGS_GEN[41].RDDATA_LOREG' has unconnected output pin
WARNING:NgdBuild:440 - FF primitive
   'ddr_256mb_32mx64_rank1_row13_col10_cl2_5/ddr_256mb_32mx64_rank1_row13_col10_
   cl2_5/WO_ECC.DDR_CTRL_I/WO_ECC_BUS1XDDR.IO_REG_I/NOT_VIRTEX4_IOREGS.INPUT_DDR
   _REGS_GEN[40].RDDATA_LOREG' has unconnected output pin
WARNING:NgdBuild:440 - FF primitive
   'ddr_256mb_32mx64_rank1_row13_col10_cl2_5/ddr_256mb_32mx64_rank1_row13_col10_
   cl2_5/WO_ECC.DDR_CTRL_I/WO_ECC_BUS1XDDR.IO_REG_I/NOT_VIRTEX4_IOREGS.INPUT_DDR
   _REGS_GEN[39].RDDATA_LOREG' has unconnected output pin
WARNING:NgdBuild:440 - FF primitive
   'ddr_256mb_32mx64_rank1_row13_col10_cl2_5/ddr_256mb_32mx64_rank1_row13_col10_
   cl2_5/WO_ECC.DDR_CTRL_I/WO_ECC_BUS1XDDR.IO_REG_I/NOT_VIRTEX4_IOREGS.INPUT_DDR
   _REGS_GEN[38].RDDATA_LOREG' has unconnected output pin
WARNING:NgdBuild:440 - FF primitive
   'ddr_256mb_32mx64_rank1_row13_col10_cl2_5/ddr_256mb_32mx64_rank1_row13_col10_
   cl2_5/WO_ECC.DDR_CTRL_I/WO_ECC_BUS1XDDR.IO_REG_I/NOT_VIRTEX4_IOREGS.INPUT_DDR
   _REGS_GEN[37].RDDATA_LOREG' has unconnected output pin
WARNING:NgdBuild:440 - FF primitive
   'ddr_256mb_32mx64_rank1_row13_col10_cl2_5/ddr_256mb_32mx64_rank1_row13_col10_
   cl2_5/WO_ECC.DDR_CTRL_I/WO_ECC_BUS1XDDR.IO_REG_I/NOT_VIRTEX4_IOREGS.INPUT_DDR
   _REGS_GEN[36].RDDATA_LOREG' has unconnected output pin
WARNING:NgdBuild:440 - FF primitive
   'ddr_256mb_32mx64_rank1_row13_col10_cl2_5/ddr_256mb_32mx64_rank1_row13_col10_
   cl2_5/WO_ECC.DDR_CTRL_I/WO_ECC_BUS1XDDR.IO_REG_I/NOT_VIRTEX4_IOREGS.INPUT_DDR
   _REGS_GEN[35].RDDATA_LOREG' has unconnected output pin
WARNING:NgdBuild:440 - FF primitive
   'ddr_256mb_32mx64_rank1_row13_col10_cl2_5/ddr_256mb_32mx64_rank1_row13_col10_
   cl2_5/WO_ECC.DDR_CTRL_I/WO_ECC_BUS1XDDR.IO_REG_I/NOT_VIRTEX4_IOREGS.INPUT_DDR
   _REGS_GEN[34].RDDATA_LOREG' has unconnected output pin
WARNING:NgdBuild:440 - FF primitive
   'ddr_256mb_32mx64_rank1_row13_col10_cl2_5/ddr_256mb_32mx64_rank1_row13_col10_
   cl2_5/WO_ECC.DDR_CTRL_I/WO_ECC_BUS1XDDR.IO_REG_I/NOT_VIRTEX4_IOREGS.INPUT_DDR
   _REGS_GEN[33].RDDATA_LOREG' has unconnected output pin
WARNING:NgdBuild:440 - FF primitive
   'ddr_256mb_32mx64_rank1_row13_col10_cl2_5/ddr_256mb_32mx64_rank1_row13_col10_
   cl2_5/WO_ECC.DDR_CTRL_I/WO_ECC_BUS1XDDR.IO_REG_I/NOT_VIRTEX4_IOREGS.INPUT_DDR
   _REGS_GEN[32].RDDATA_LOREG' has unconnected output pin
WARNING:NgdBuild:440 - FF primitive
   'ddr_256mb_32mx64_rank1_row13_col10_cl2_5/ddr_256mb_32mx64_rank1_row13_col10_
   cl2_5/WO_ECC.DDR_CTRL_I/WO_ECC_BUS1XDDR.IO_REG_I/NOT_VIRTEX4_IOREGS.INPUT_DDR
   _REGS_GEN[31].RDDATA_LOREG' has unconnected output pin
WARNING:NgdBuild:440 - FF primitive
   'ddr_256mb_32mx64_rank1_row13_col10_cl2_5/ddr_256mb_32mx64_rank1_row13_col10_
   cl2_5/WO_ECC.DDR_CTRL_I/WO_ECC_BUS1XDDR.IO_REG_I/NOT_VIRTEX4_IOREGS.INPUT_DDR
   _REGS_GEN[30].RDDATA_LOREG' has unconnected output pin
WARNING:NgdBuild:440 - FF primitive
   'ddr_256mb_32mx64_rank1_row13_col10_cl2_5/ddr_256mb_32mx64_rank1_row13_col10_
   cl2_5/WO_ECC.DDR_CTRL_I/WO_ECC_BUS1XDDR.IO_REG_I/NOT_VIRTEX4_IOREGS.INPUT_DDR
   _REGS_GEN[29].RDDATA_LOREG' has unconnected output pin
WARNING:NgdBuild:440 - FF primitive
   'ddr_256mb_32mx64_rank1_row13_col10_cl2_5/ddr_256mb_32mx64_rank1_row13_col10_
   cl2_5/WO_ECC.DDR_CTRL_I/WO_ECC_BUS1XDDR.IO_REG_I/NOT_VIRTEX4_IOREGS.INPUT_DDR
   _REGS_GEN[28].RDDATA_LOREG' has unconnected output pin
WARNING:NgdBuild:440 - FF primitive
   'ddr_256mb_32mx64_rank1_row13_col10_cl2_5/ddr_256mb_32mx64_rank1_row13_col10_
   cl2_5/WO_ECC.DDR_CTRL_I/WO_ECC_BUS1XDDR.IO_REG_I/NOT_VIRTEX4_IOREGS.INPUT_DDR
   _REGS_GEN[27].RDDATA_LOREG' has unconnected output pin
WARNING:NgdBuild:440 - FF primitive
   'ddr_256mb_32mx64_rank1_row13_col10_cl2_5/ddr_256mb_32mx64_rank1_row13_col10_
   cl2_5/WO_ECC.DDR_CTRL_I/WO_ECC_BUS1XDDR.IO_REG_I/NOT_VIRTEX4_IOREGS.INPUT_DDR
   _REGS_GEN[26].RDDATA_LOREG' has unconnected output pin
WARNING:NgdBuild:440 - FF primitive
   'ddr_256mb_32mx64_rank1_row13_col10_cl2_5/ddr_256mb_32mx64_rank1_row13_col10_
   cl2_5/WO_ECC.DDR_CTRL_I/WO_ECC_BUS1XDDR.IO_REG_I/NOT_VIRTEX4_IOREGS.INPUT_DDR
   _REGS_GEN[25].RDDATA_LOREG' has unconnected output pin
WARNING:NgdBuild:440 - FF primitive
   'ddr_256mb_32mx64_rank1_row13_col10_cl2_5/ddr_256mb_32mx64_rank1_row13_col10_
   cl2_5/WO_ECC.DDR_CTRL_I/WO_ECC_BUS1XDDR.IO_REG_I/NOT_VIRTEX4_IOREGS.INPUT_DDR
   _REGS_GEN[24].RDDATA_LOREG' has unconnected output pin
WARNING:NgdBuild:440 - FF primitive
   'ddr_256mb_32mx64_rank1_row13_col10_cl2_5/ddr_256mb_32mx64_rank1_row13_col10_
   cl2_5/WO_ECC.DDR_CTRL_I/WO_ECC_BUS1XDDR.IO_REG_I/NOT_VIRTEX4_IOREGS.INPUT_DDR
   _REGS_GEN[23].RDDATA_LOREG' has unconnected output pin
WARNING:NgdBuild:440 - FF primitive
   'ddr_256mb_32mx64_rank1_row13_col10_cl2_5/ddr_256mb_32mx64_rank1_row13_col10_
   cl2_5/WO_ECC.DDR_CTRL_I/WO_ECC_BUS1XDDR.IO_REG_I/NOT_VIRTEX4_IOREGS.INPUT_DDR
   _REGS_GEN[22].RDDATA_LOREG' has unconnected output pin
WARNING:NgdBuild:440 - FF primitive
   'ddr_256mb_32mx64_rank1_row13_col10_cl2_5/ddr_256mb_32mx64_rank1_row13_col10_
   cl2_5/WO_ECC.DDR_CTRL_I/WO_ECC_BUS1XDDR.IO_REG_I/NOT_VIRTEX4_IOREGS.INPUT_DDR
   _REGS_GEN[21].RDDATA_LOREG' has unconnected output pin
WARNING:NgdBuild:440 - FF primitive
   'ddr_256mb_32mx64_rank1_row13_col10_cl2_5/ddr_256mb_32mx64_rank1_row13_col10_
   cl2_5/WO_ECC.DDR_CTRL_I/WO_ECC_BUS1XDDR.IO_REG_I/NOT_VIRTEX4_IOREGS.INPUT_DDR
   _REGS_GEN[20].RDDATA_LOREG' has unconnected output pin
WARNING:NgdBuild:440 - FF primitive
   'ddr_256mb_32mx64_rank1_row13_col10_cl2_5/ddr_256mb_32mx64_rank1_row13_col10_
   cl2_5/WO_ECC.DDR_CTRL_I/WO_ECC_BUS1XDDR.IO_REG_I/NOT_VIRTEX4_IOREGS.INPUT_DDR
   _REGS_GEN[19].RDDATA_LOREG' has unconnected output pin
WARNING:NgdBuild:440 - FF primitive
   'ddr_256mb_32mx64_rank1_row13_col10_cl2_5/ddr_256mb_32mx64_rank1_row13_col10_
   cl2_5/WO_ECC.DDR_CTRL_I/WO_ECC_BUS1XDDR.IO_REG_I/NOT_VIRTEX4_IOREGS.INPUT_DDR
   _REGS_GEN[18].RDDATA_LOREG' has unconnected output pin
WARNING:NgdBuild:440 - FF primitive
   'ddr_256mb_32mx64_rank1_row13_col10_cl2_5/ddr_256mb_32mx64_rank1_row13_col10_
   cl2_5/WO_ECC.DDR_CTRL_I/WO_ECC_BUS1XDDR.IO_REG_I/NOT_VIRTEX4_IOREGS.INPUT_DDR
   _REGS_GEN[17].RDDATA_LOREG' has unconnected output pin
WARNING:NgdBuild:440 - FF primitive
   'ddr_256mb_32mx64_rank1_row13_col10_cl2_5/ddr_256mb_32mx64_rank1_row13_col10_
   cl2_5/WO_ECC.DDR_CTRL_I/WO_ECC_BUS1XDDR.IO_REG_I/NOT_VIRTEX4_IOREGS.INPUT_DDR
   _REGS_GEN[16].RDDATA_LOREG' has unconnected output pin
WARNING:NgdBuild:440 - FF primitive
   'ddr_256mb_32mx64_rank1_row13_col10_cl2_5/ddr_256mb_32mx64_rank1_row13_col10_
   cl2_5/WO_ECC.DDR_CTRL_I/WO_ECC_BUS1XDDR.IO_REG_I/NOT_VIRTEX4_IOREGS.INPUT_DDR
   _REGS_GEN[15].RDDATA_LOREG' has unconnected output pin
WARNING:NgdBuild:440 - FF primitive
   'ddr_256mb_32mx64_rank1_row13_col10_cl2_5/ddr_256mb_32mx64_rank1_row13_col10_
   cl2_5/WO_ECC.DDR_CTRL_I/WO_ECC_BUS1XDDR.IO_REG_I/NOT_VIRTEX4_IOREGS.INPUT_DDR
   _REGS_GEN[14].RDDATA_LOREG' has unconnected output pin
WARNING:NgdBuild:440 - FF primitive
   'ddr_256mb_32mx64_rank1_row13_col10_cl2_5/ddr_256mb_32mx64_rank1_row13_col10_
   cl2_5/WO_ECC.DDR_CTRL_I/WO_ECC_BUS1XDDR.IO_REG_I/NOT_VIRTEX4_IOREGS.INPUT_DDR
   _REGS_GEN[13].RDDATA_LOREG' has unconnected output pin
WARNING:NgdBuild:440 - FF primitive
   'ddr_256mb_32mx64_rank1_row13_col10_cl2_5/ddr_256mb_32mx64_rank1_row13_col10_
   cl2_5/WO_ECC.DDR_CTRL_I/WO_ECC_BUS1XDDR.IO_REG_I/NOT_VIRTEX4_IOREGS.INPUT_DDR
   _REGS_GEN[12].RDDATA_LOREG' has unconnected output pin
WARNING:NgdBuild:440 - FF primitive
   'ddr_256mb_32mx64_rank1_row13_col10_cl2_5/ddr_256mb_32mx64_rank1_row13_col10_
   cl2_5/WO_ECC.DDR_CTRL_I/WO_ECC_BUS1XDDR.IO_REG_I/NOT_VIRTEX4_IOREGS.INPUT_DDR
   _REGS_GEN[11].RDDATA_LOREG' has unconnected output pin
WARNING:NgdBuild:440 - FF primitive
   'ddr_256mb_32mx64_rank1_row13_col10_cl2_5/ddr_256mb_32mx64_rank1_row13_col10_
   cl2_5/WO_ECC.DDR_CTRL_I/WO_ECC_BUS1XDDR.IO_REG_I/NOT_VIRTEX4_IOREGS.INPUT_DDR
   _REGS_GEN[10].RDDATA_LOREG' has unconnected output pin
WARNING:NgdBuild:440 - FF primitive
   'ddr_256mb_32mx64_rank1_row13_col10_cl2_5/ddr_256mb_32mx64_rank1_row13_col10_
   cl2_5/WO_ECC.DDR_CTRL_I/WO_ECC_BUS1XDDR.IO_REG_I/NOT_VIRTEX4_IOREGS.INPUT_DDR
   _REGS_GEN[9].RDDATA_LOREG' has unconnected output pin
WARNING:NgdBuild:440 - FF primitive
   'ddr_256mb_32mx64_rank1_row13_col10_cl2_5/ddr_256mb_32mx64_rank1_row13_col10_
   cl2_5/WO_ECC.DDR_CTRL_I/WO_ECC_BUS1XDDR.IO_REG_I/NOT_VIRTEX4_IOREGS.INPUT_DDR
   _REGS_GEN[8].RDDATA_LOREG' has unconnected output pin
WARNING:NgdBuild:440 - FF primitive
   'ddr_256mb_32mx64_rank1_row13_col10_cl2_5/ddr_256mb_32mx64_rank1_row13_col10_
   cl2_5/WO_ECC.DDR_CTRL_I/WO_ECC_BUS1XDDR.IO_REG_I/NOT_VIRTEX4_IOREGS.INPUT_DDR
   _REGS_GEN[7].RDDATA_LOREG' has unconnected output pin
WARNING:NgdBuild:440 - FF primitive
   'ddr_256mb_32mx64_rank1_row13_col10_cl2_5/ddr_256mb_32mx64_rank1_row13_col10_
   cl2_5/WO_ECC.DDR_CTRL_I/WO_ECC_BUS1XDDR.IO_REG_I/NOT_VIRTEX4_IOREGS.INPUT_DDR
   _REGS_GEN[6].RDDATA_LOREG' has unconnected output pin
WARNING:NgdBuild:440 - FF primitive
   'ddr_256mb_32mx64_rank1_row13_col10_cl2_5/ddr_256mb_32mx64_rank1_row13_col10_
   cl2_5/WO_ECC.DDR_CTRL_I/WO_ECC_BUS1XDDR.IO_REG_I/NOT_VIRTEX4_IOREGS.INPUT_DDR
   _REGS_GEN[5].RDDATA_LOREG' has unconnected output pin
WARNING:NgdBuild:440 - FF primitive
   'ddr_256mb_32mx64_rank1_row13_col10_cl2_5/ddr_256mb_32mx64_rank1_row13_col10_
   cl2_5/WO_ECC.DDR_CTRL_I/WO_ECC_BUS1XDDR.IO_REG_I/NOT_VIRTEX4_IOREGS.INPUT_DDR
   _REGS_GEN[4].RDDATA_LOREG' has unconnected output pin
WARNING:NgdBuild:440 - FF primitive
   'ddr_256mb_32mx64_rank1_row13_col10_cl2_5/ddr_256mb_32mx64_rank1_row13_col10_
   cl2_5/WO_ECC.DDR_CTRL_I/WO_ECC_BUS1XDDR.IO_REG_I/NOT_VIRTEX4_IOREGS.INPUT_DDR
   _REGS_GEN[3].RDDATA_LOREG' has unconnected output pin
WARNING:NgdBuild:440 - FF primitive
   'ddr_256mb_32mx64_rank1_row13_col10_cl2_5/ddr_256mb_32mx64_rank1_row13_col10_
   cl2_5/WO_ECC.DDR_CTRL_I/WO_ECC_BUS1XDDR.IO_REG_I/NOT_VIRTEX4_IOREGS.INPUT_DDR
   _REGS_GEN[2].RDDATA_LOREG' has unconnected output pin
WARNING:NgdBuild:440 - FF primitive
   'ddr_256mb_32mx64_rank1_row13_col10_cl2_5/ddr_256mb_32mx64_rank1_row13_col10_
   cl2_5/WO_ECC.DDR_CTRL_I/WO_ECC_BUS1XDDR.IO_REG_I/NOT_VIRTEX4_IOREGS.INPUT_DDR
   _REGS_GEN[1].RDDATA_LOREG' has unconnected output pin
WARNING:NgdBuild:440 - FF primitive
   'ddr_256mb_32mx64_rank1_row13_col10_cl2_5/ddr_256mb_32mx64_rank1_row13_col10_
   cl2_5/WO_ECC.DDR_CTRL_I/WO_ECC_BUS1XDDR.IO_REG_I/NOT_VIRTEX4_IOREGS.INPUT_DDR
   _REGS_GEN[0].RDDATA_LOREG' has unconnected output pin
WARNING:NgdBuild:443 - SFF primitive
   'ddr_256mb_32mx64_rank1_row13_col10_cl2_5/ddr_256mb_32mx64_rank1_row13_col10_
   cl2_5/WO_ECC.PLB_IPIF_I/I_SLAVE_ATTACHMENT/GEN_SLOW_MODE_BURSTXFER.I_ADDRESS_
   COUNTER/GEN_S_H_SIZE_REG[0].I_SIZE_S_H_REG' has unconnected output pin
WARNING:NgdBuild:443 - SFF primitive
   'ddr_256mb_32mx64_rank1_row13_col10_cl2_5/ddr_256mb_32mx64_rank1_row13_col10_
   cl2_5/WO_ECC.PLB_IPIF_I/I_SLAVE_ATTACHMENT/GEN_SLOW_MODE_BURSTXFER.I_ADDRESS_
   COUNTER/GEN_S_H_SIZE_REG[1].I_SIZE_S_H_REG' has unconnected output pin
WARNING:NgdBuild:443 - SFF primitive
   'ddr_256mb_32mx64_rank1_row13_col10_cl2_5/ddr_256mb_32mx64_rank1_row13_col10_
   cl2_5/WO_ECC.PLB_IPIF_I/I_SLAVE_ATTACHMENT/I_DECODER/GEN_S_H_ADDR_REG[0].I_AD
   DR_S_H_REG' has unconnected output pin
WARNING:NgdBuild:443 - SFF primitive
   'ddr_256mb_32mx64_rank1_row13_col10_cl2_5/ddr_256mb_32mx64_rank1_row13_col10_
   cl2_5/WO_ECC.PLB_IPIF_I/I_SLAVE_ATTACHMENT/I_DECODER/GEN_S_H_ADDR_REG[1].I_AD
   DR_S_H_REG' has unconnected output pin
WARNING:NgdBuild:443 - SFF primitive
   'ddr_256mb_32mx64_rank1_row13_col10_cl2_5/ddr_256mb_32mx64_rank1_row13_col10_
   cl2_5/WO_ECC.PLB_IPIF_I/I_SLAVE_ATTACHMENT/I_DECODER/GEN_S_H_ADDR_REG[2].I_AD
   DR_S_H_REG' has unconnected output pin
WARNING:NgdBuild:443 - SFF primitive
   'ddr_256mb_32mx64_rank1_row13_col10_cl2_5/ddr_256mb_32mx64_rank1_row13_col10_
   cl2_5/WO_ECC.PLB_IPIF_I/I_SLAVE_ATTACHMENT/I_DECODER/GEN_BKEND_CE_REGISTERS[0
   ].I_BKEND_CE_REG' has unconnected output pin
WARNING:NgdBuild:443 - SFF primitive
   'ddr_256mb_32mx64_rank1_row13_col10_cl2_5/ddr_256mb_32mx64_rank1_row13_col10_
   cl2_5/WO_ECC.PLB_IPIF_I/I_SLAVE_ATTACHMENT/I_DECODER/GEN_BKEND_CE_REGISTERS[0
   ].I_BKEND_RDCE_REG' has unconnected output pin
WARNING:NgdBuild:443 - SFF primitive
   'ddr_256mb_32mx64_rank1_row13_col10_cl2_5/ddr_256mb_32mx64_rank1_row13_col10_
   cl2_5/WO_ECC.PLB_IPIF_I/I_SLAVE_ATTACHMENT/I_DECODER/GEN_BKEND_CE_REGISTERS[0
   ].I_BKEND_WRCE_REG' has unconnected output pin
WARNING:NgdBuild:443 - SFF primitive
   'ddr_256mb_32mx64_rank1_row13_col10_cl2_5/ddr_256mb_32mx64_rank1_row13_col10_
   cl2_5/WO_ECC.PLB_IPIF_I/I_SLAVE_ATTACHMENT/I_DECODER/I_CS_SIZE_REG0' has
   unconnected output pin
WARNING:NgdBuild:443 - SFF primitive
   'ddr_256mb_32mx64_rank1_row13_col10_cl2_5/ddr_256mb_32mx64_rank1_row13_col10_
   cl2_5/WO_ECC.PLB_IPIF_I/I_SLAVE_ATTACHMENT/I_DECODER/I_CS_SIZE_REG1' has
   unconnected output pin
WARNING:NgdBuild:443 - SFF primitive
   'ddr_256mb_32mx64_rank1_row13_col10_cl2_5/ddr_256mb_32mx64_rank1_row13_col10_
   cl2_5/WO_ECC.PLB_IPIF_I/I_SLAVE_ATTACHMENT/I_DECODER/I_CS_SIZE_REG2' has
   unconnected output pin
WARNING:NgdBuild:440 - FF primitive
   'ddr_256mb_32mx64_rank1_row13_col10_cl2_5/ddr_256mb_32mx64_rank1_row13_col10_
   cl2_5/WO_ECC.DDR_CTRL_I/WO_ECC_BUS1XDDR.RDDATA_PATH_I/GEN_RD_DATA_BUS1XDDR.FI
   FO_GEN[7].V2_ASYNCH_FIFO_I/BU11' has unconnected output pin
WARNING:NgdBuild:440 - FF primitive
   'ddr_256mb_32mx64_rank1_row13_col10_cl2_5/ddr_256mb_32mx64_rank1_row13_col10_
   cl2_5/WO_ECC.DDR_CTRL_I/WO_ECC_BUS1XDDR.RDDATA_PATH_I/GEN_RD_DATA_BUS1XDDR.FI
   FO_GEN[7].V2_ASYNCH_FIFO_I/BU16' has unconnected output pin
WARNING:NgdBuild:440 - FF primitive
   'ddr_256mb_32mx64_rank1_row13_col10_cl2_5/ddr_256mb_32mx64_rank1_row13_col10_
   cl2_5/WO_ECC.DDR_CTRL_I/WO_ECC_BUS1XDDR.RDDATA_PATH_I/GEN_RD_DATA_BUS1XDDR.FI
   FO_GEN[7].V2_ASYNCH_FIFO_I/BU21' has unconnected output pin
WARNING:NgdBuild:440 - FF primitive
   'ddr_256mb_32mx64_rank1_row13_col10_cl2_5/ddr_256mb_32mx64_rank1_row13_col10_
   cl2_5/WO_ECC.DDR_CTRL_I/WO_ECC_BUS1XDDR.RDDATA_PATH_I/GEN_RD_DATA_BUS1XDDR.FI
   FO_GEN[7].V2_ASYNCH_FIFO_I/BU26' has unconnected output pin
WARNING:NgdBuild:440 - FF primitive
   'ddr_256mb_32mx64_rank1_row13_col10_cl2_5/ddr_256mb_32mx64_rank1_row13_col10_
   cl2_5/WO_ECC.DDR_CTRL_I/WO_ECC_BUS1XDDR.RDDATA_PATH_I/GEN_RD_DATA_BUS1XDDR.FI
   FO_GEN[7].V2_ASYNCH_FIFO_I/BU31' has unconnected output pin
WARNING:NgdBuild:440 - FF primitive
   'ddr_256mb_32mx64_rank1_row13_col10_cl2_5/ddr_256mb_32mx64_rank1_row13_col10_
   cl2_5/WO_ECC.DDR_CTRL_I/WO_ECC_BUS1XDDR.RDDATA_PATH_I/GEN_RD_DATA_BUS1XDDR.FI
   FO_GEN[7].V2_ASYNCH_FIFO_I/BU36' has unconnected output pin
WARNING:NgdBuild:440 - FF primitive
   'ddr_256mb_32mx64_rank1_row13_col10_cl2_5/ddr_256mb_32mx64_rank1_row13_col10_
   cl2_5/WO_ECC.DDR_CTRL_I/WO_ECC_BUS1XDDR.RDDATA_PATH_I/GEN_RD_DATA_BUS1XDDR.FI
   FO_GEN[7].V2_ASYNCH_FIFO_I/BU41' has unconnected output pin
WARNING:NgdBuild:440 - FF primitive
   'ddr_256mb_32mx64_rank1_row13_col10_cl2_5/ddr_256mb_32mx64_rank1_row13_col10_
   cl2_5/WO_ECC.DDR_CTRL_I/WO_ECC_BUS1XDDR.RDDATA_PATH_I/GEN_RD_DATA_BUS1XDDR.FI
   FO_GEN[7].V2_ASYNCH_FIFO_I/BU46' has unconnected output pin
WARNING:NgdBuild:440 - FF primitive
   'ddr_256mb_32mx64_rank1_row13_col10_cl2_5/ddr_256mb_32mx64_rank1_row13_col10_
   cl2_5/WO_ECC.DDR_CTRL_I/WO_ECC_BUS1XDDR.RDDATA_PATH_I/GEN_RD_DATA_BUS1XDDR.FI
   FO_GEN[7].V2_ASYNCH_FIFO_I/BU133' has unconnected output pin
WARNING:NgdBuild:440 - FF primitive
   'ddr_256mb_32mx64_rank1_row13_col10_cl2_5/ddr_256mb_32mx64_rank1_row13_col10_
   cl2_5/WO_ECC.DDR_CTRL_I/WO_ECC_BUS1XDDR.RDDATA_PATH_I/GEN_RD_DATA_BUS1XDDR.FI
   FO_GEN[7].V2_ASYNCH_FIFO_I/BU240' has unconnected output pin
WARNING:NgdBuild:440 - FF primitive
   'ddr_256mb_32mx64_rank1_row13_col10_cl2_5/ddr_256mb_32mx64_rank1_row13_col10_
   cl2_5/WO_ECC.DDR_CTRL_I/WO_ECC_BUS1XDDR.RDDATA_PATH_I/GEN_RD_DATA_BUS1XDDR.FI
   FO_GEN[6].V2_ASYNCH_FIFO_I/BU11' has unconnected output pin
WARNING:NgdBuild:440 - FF primitive
   'ddr_256mb_32mx64_rank1_row13_col10_cl2_5/ddr_256mb_32mx64_rank1_row13_col10_
   cl2_5/WO_ECC.DDR_CTRL_I/WO_ECC_BUS1XDDR.RDDATA_PATH_I/GEN_RD_DATA_BUS1XDDR.FI
   FO_GEN[6].V2_ASYNCH_FIFO_I/BU16' has unconnected output pin
WARNING:NgdBuild:440 - FF primitive
   'ddr_256mb_32mx64_rank1_row13_col10_cl2_5/ddr_256mb_32mx64_rank1_row13_col10_
   cl2_5/WO_ECC.DDR_CTRL_I/WO_ECC_BUS1XDDR.RDDATA_PATH_I/GEN_RD_DATA_BUS1XDDR.FI
   FO_GEN[6].V2_ASYNCH_FIFO_I/BU21' has unconnected output pin
WARNING:NgdBuild:440 - FF primitive
   'ddr_256mb_32mx64_rank1_row13_col10_cl2_5/ddr_256mb_32mx64_rank1_row13_col10_
   cl2_5/WO_ECC.DDR_CTRL_I/WO_ECC_BUS1XDDR.RDDATA_PATH_I/GEN_RD_DATA_BUS1XDDR.FI
   FO_GEN[6].V2_ASYNCH_FIFO_I/BU26' has unconnected output pin
WARNING:NgdBuild:440 - FF primitive
   'ddr_256mb_32mx64_rank1_row13_col10_cl2_5/ddr_256mb_32mx64_rank1_row13_col10_
   cl2_5/WO_ECC.DDR_CTRL_I/WO_ECC_BUS1XDDR.RDDATA_PATH_I/GEN_RD_DATA_BUS1XDDR.FI
   FO_GEN[6].V2_ASYNCH_FIFO_I/BU31' has unconnected output pin
WARNING:NgdBuild:440 - FF primitive
   'ddr_256mb_32mx64_rank1_row13_col10_cl2_5/ddr_256mb_32mx64_rank1_row13_col10_
   cl2_5/WO_ECC.DDR_CTRL_I/WO_ECC_BUS1XDDR.RDDATA_PATH_I/GEN_RD_DATA_BUS1XDDR.FI
   FO_GEN[6].V2_ASYNCH_FIFO_I/BU36' has unconnected output pin
WARNING:NgdBuild:440 - FF primitive
   'ddr_256mb_32mx64_rank1_row13_col10_cl2_5/ddr_256mb_32mx64_rank1_row13_col10_
   cl2_5/WO_ECC.DDR_CTRL_I/WO_ECC_BUS1XDDR.RDDATA_PATH_I/GEN_RD_DATA_BUS1XDDR.FI
   FO_GEN[6].V2_ASYNCH_FIFO_I/BU41' has unconnected output pin
WARNING:NgdBuild:440 - FF primitive
   'ddr_256mb_32mx64_rank1_row13_col10_cl2_5/ddr_256mb_32mx64_rank1_row13_col10_
   cl2_5/WO_ECC.DDR_CTRL_I/WO_ECC_BUS1XDDR.RDDATA_PATH_I/GEN_RD_DATA_BUS1XDDR.FI
   FO_GEN[6].V2_ASYNCH_FIFO_I/BU46' has unconnected output pin
WARNING:NgdBuild:440 - FF primitive
   'ddr_256mb_32mx64_rank1_row13_col10_cl2_5/ddr_256mb_32mx64_rank1_row13_col10_
   cl2_5/WO_ECC.DDR_CTRL_I/WO_ECC_BUS1XDDR.RDDATA_PATH_I/GEN_RD_DATA_BUS1XDDR.FI
   FO_GEN[6].V2_ASYNCH_FIFO_I/BU133' has unconnected output pin
WARNING:NgdBuild:440 - FF primitive
   'ddr_256mb_32mx64_rank1_row13_col10_cl2_5/ddr_256mb_32mx64_rank1_row13_col10_
   cl2_5/WO_ECC.DDR_CTRL_I/WO_ECC_BUS1XDDR.RDDATA_PATH_I/GEN_RD_DATA_BUS1XDDR.FI
   FO_GEN[6].V2_ASYNCH_FIFO_I/BU240' has unconnected output pin
WARNING:NgdBuild:440 - FF primitive
   'ddr_256mb_32mx64_rank1_row13_col10_cl2_5/ddr_256mb_32mx64_rank1_row13_col10_
   cl2_5/WO_ECC.DDR_CTRL_I/WO_ECC_BUS1XDDR.RDDATA_PATH_I/GEN_RD_DATA_BUS1XDDR.FI
   FO_GEN[5].V2_ASYNCH_FIFO_I/BU11' has unconnected output pin
WARNING:NgdBuild:440 - FF primitive
   'ddr_256mb_32mx64_rank1_row13_col10_cl2_5/ddr_256mb_32mx64_rank1_row13_col10_
   cl2_5/WO_ECC.DDR_CTRL_I/WO_ECC_BUS1XDDR.RDDATA_PATH_I/GEN_RD_DATA_BUS1XDDR.FI
   FO_GEN[5].V2_ASYNCH_FIFO_I/BU16' has unconnected output pin
WARNING:NgdBuild:440 - FF primitive
   'ddr_256mb_32mx64_rank1_row13_col10_cl2_5/ddr_256mb_32mx64_rank1_row13_col10_
   cl2_5/WO_ECC.DDR_CTRL_I/WO_ECC_BUS1XDDR.RDDATA_PATH_I/GEN_RD_DATA_BUS1XDDR.FI
   FO_GEN[5].V2_ASYNCH_FIFO_I/BU21' has unconnected output pin
WARNING:NgdBuild:440 - FF primitive
   'ddr_256mb_32mx64_rank1_row13_col10_cl2_5/ddr_256mb_32mx64_rank1_row13_col10_
   cl2_5/WO_ECC.DDR_CTRL_I/WO_ECC_BUS1XDDR.RDDATA_PATH_I/GEN_RD_DATA_BUS1XDDR.FI
   FO_GEN[5].V2_ASYNCH_FIFO_I/BU26' has unconnected output pin
WARNING:NgdBuild:440 - FF primitive
   'ddr_256mb_32mx64_rank1_row13_col10_cl2_5/ddr_256mb_32mx64_rank1_row13_col10_
   cl2_5/WO_ECC.DDR_CTRL_I/WO_ECC_BUS1XDDR.RDDATA_PATH_I/GEN_RD_DATA_BUS1XDDR.FI
   FO_GEN[5].V2_ASYNCH_FIFO_I/BU31' has unconnected output pin
WARNING:NgdBuild:440 - FF primitive
   'ddr_256mb_32mx64_rank1_row13_col10_cl2_5/ddr_256mb_32mx64_rank1_row13_col10_
   cl2_5/WO_ECC.DDR_CTRL_I/WO_ECC_BUS1XDDR.RDDATA_PATH_I/GEN_RD_DATA_BUS1XDDR.FI
   FO_GEN[5].V2_ASYNCH_FIFO_I/BU36' has unconnected output pin
WARNING:NgdBuild:440 - FF primitive
   'ddr_256mb_32mx64_rank1_row13_col10_cl2_5/ddr_256mb_32mx64_rank1_row13_col10_
   cl2_5/WO_ECC.DDR_CTRL_I/WO_ECC_BUS1XDDR.RDDATA_PATH_I/GEN_RD_DATA_BUS1XDDR.FI
   FO_GEN[5].V2_ASYNCH_FIFO_I/BU41' has unconnected output pin
WARNING:NgdBuild:440 - FF primitive
   'ddr_256mb_32mx64_rank1_row13_col10_cl2_5/ddr_256mb_32mx64_rank1_row13_col10_
   cl2_5/WO_ECC.DDR_CTRL_I/WO_ECC_BUS1XDDR.RDDATA_PATH_I/GEN_RD_DATA_BUS1XDDR.FI
   FO_GEN[5].V2_ASYNCH_FIFO_I/BU46' has unconnected output pin
WARNING:NgdBuild:440 - FF primitive
   'ddr_256mb_32mx64_rank1_row13_col10_cl2_5/ddr_256mb_32mx64_rank1_row13_col10_
   cl2_5/WO_ECC.DDR_CTRL_I/WO_ECC_BUS1XDDR.RDDATA_PATH_I/GEN_RD_DATA_BUS1XDDR.FI
   FO_GEN[5].V2_ASYNCH_FIFO_I/BU133' has unconnected output pin
WARNING:NgdBuild:440 - FF primitive
   'ddr_256mb_32mx64_rank1_row13_col10_cl2_5/ddr_256mb_32mx64_rank1_row13_col10_
   cl2_5/WO_ECC.DDR_CTRL_I/WO_ECC_BUS1XDDR.RDDATA_PATH_I/GEN_RD_DATA_BUS1XDDR.FI
   FO_GEN[5].V2_ASYNCH_FIFO_I/BU240' has unconnected output pin
WARNING:NgdBuild:440 - FF primitive
   'ddr_256mb_32mx64_rank1_row13_col10_cl2_5/ddr_256mb_32mx64_rank1_row13_col10_
   cl2_5/WO_ECC.DDR_CTRL_I/WO_ECC_BUS1XDDR.RDDATA_PATH_I/GEN_RD_DATA_BUS1XDDR.FI
   FO_GEN[4].V2_ASYNCH_FIFO_I/BU11' has unconnected output pin
WARNING:NgdBuild:440 - FF primitive
   'ddr_256mb_32mx64_rank1_row13_col10_cl2_5/ddr_256mb_32mx64_rank1_row13_col10_
   cl2_5/WO_ECC.DDR_CTRL_I/WO_ECC_BUS1XDDR.RDDATA_PATH_I/GEN_RD_DATA_BUS1XDDR.FI
   FO_GEN[4].V2_ASYNCH_FIFO_I/BU16' has unconnected output pin
WARNING:NgdBuild:440 - FF primitive
   'ddr_256mb_32mx64_rank1_row13_col10_cl2_5/ddr_256mb_32mx64_rank1_row13_col10_
   cl2_5/WO_ECC.DDR_CTRL_I/WO_ECC_BUS1XDDR.RDDATA_PATH_I/GEN_RD_DATA_BUS1XDDR.FI
   FO_GEN[4].V2_ASYNCH_FIFO_I/BU21' has unconnected output pin
WARNING:NgdBuild:440 - FF primitive
   'ddr_256mb_32mx64_rank1_row13_col10_cl2_5/ddr_256mb_32mx64_rank1_row13_col10_
   cl2_5/WO_ECC.DDR_CTRL_I/WO_ECC_BUS1XDDR.RDDATA_PATH_I/GEN_RD_DATA_BUS1XDDR.FI
   FO_GEN[4].V2_ASYNCH_FIFO_I/BU26' has unconnected output pin
WARNING:NgdBuild:440 - FF primitive
   'ddr_256mb_32mx64_rank1_row13_col10_cl2_5/ddr_256mb_32mx64_rank1_row13_col10_
   cl2_5/WO_ECC.DDR_CTRL_I/WO_ECC_BUS1XDDR.RDDATA_PATH_I/GEN_RD_DATA_BUS1XDDR.FI
   FO_GEN[4].V2_ASYNCH_FIFO_I/BU31' has unconnected output pin
WARNING:NgdBuild:440 - FF primitive
   'ddr_256mb_32mx64_rank1_row13_col10_cl2_5/ddr_256mb_32mx64_rank1_row13_col10_
   cl2_5/WO_ECC.DDR_CTRL_I/WO_ECC_BUS1XDDR.RDDATA_PATH_I/GEN_RD_DATA_BUS1XDDR.FI
   FO_GEN[4].V2_ASYNCH_FIFO_I/BU36' has unconnected output pin
WARNING:NgdBuild:440 - FF primitive
   'ddr_256mb_32mx64_rank1_row13_col10_cl2_5/ddr_256mb_32mx64_rank1_row13_col10_
   cl2_5/WO_ECC.DDR_CTRL_I/WO_ECC_BUS1XDDR.RDDATA_PATH_I/GEN_RD_DATA_BUS1XDDR.FI
   FO_GEN[4].V2_ASYNCH_FIFO_I/BU41' has unconnected output pin
WARNING:NgdBuild:440 - FF primitive
   'ddr_256mb_32mx64_rank1_row13_col10_cl2_5/ddr_256mb_32mx64_rank1_row13_col10_
   cl2_5/WO_ECC.DDR_CTRL_I/WO_ECC_BUS1XDDR.RDDATA_PATH_I/GEN_RD_DATA_BUS1XDDR.FI
   FO_GEN[4].V2_ASYNCH_FIFO_I/BU46' has unconnected output pin
WARNING:NgdBuild:440 - FF primitive
   'ddr_256mb_32mx64_rank1_row13_col10_cl2_5/ddr_256mb_32mx64_rank1_row13_col10_
   cl2_5/WO_ECC.DDR_CTRL_I/WO_ECC_BUS1XDDR.RDDATA_PATH_I/GEN_RD_DATA_BUS1XDDR.FI
   FO_GEN[4].V2_ASYNCH_FIFO_I/BU133' has unconnected output pin
WARNING:NgdBuild:440 - FF primitive
   'ddr_256mb_32mx64_rank1_row13_col10_cl2_5/ddr_256mb_32mx64_rank1_row13_col10_
   cl2_5/WO_ECC.DDR_CTRL_I/WO_ECC_BUS1XDDR.RDDATA_PATH_I/GEN_RD_DATA_BUS1XDDR.FI
   FO_GEN[4].V2_ASYNCH_FIFO_I/BU240' has unconnected output pin
WARNING:NgdBuild:440 - FF primitive
   'ddr_256mb_32mx64_rank1_row13_col10_cl2_5/ddr_256mb_32mx64_rank1_row13_col10_
   cl2_5/WO_ECC.DDR_CTRL_I/WO_ECC_BUS1XDDR.RDDATA_PATH_I/GEN_RD_DATA_BUS1XDDR.FI
   FO_GEN[3].V2_ASYNCH_FIFO_I/BU11' has unconnected output pin
WARNING:NgdBuild:440 - FF primitive
   'ddr_256mb_32mx64_rank1_row13_col10_cl2_5/ddr_256mb_32mx64_rank1_row13_col10_
   cl2_5/WO_ECC.DDR_CTRL_I/WO_ECC_BUS1XDDR.RDDATA_PATH_I/GEN_RD_DATA_BUS1XDDR.FI
   FO_GEN[3].V2_ASYNCH_FIFO_I/BU16' has unconnected output pin
WARNING:NgdBuild:440 - FF primitive
   'ddr_256mb_32mx64_rank1_row13_col10_cl2_5/ddr_256mb_32mx64_rank1_row13_col10_
   cl2_5/WO_ECC.DDR_CTRL_I/WO_ECC_BUS1XDDR.RDDATA_PATH_I/GEN_RD_DATA_BUS1XDDR.FI
   FO_GEN[3].V2_ASYNCH_FIFO_I/BU21' has unconnected output pin
WARNING:NgdBuild:440 - FF primitive
   'ddr_256mb_32mx64_rank1_row13_col10_cl2_5/ddr_256mb_32mx64_rank1_row13_col10_
   cl2_5/WO_ECC.DDR_CTRL_I/WO_ECC_BUS1XDDR.RDDATA_PATH_I/GEN_RD_DATA_BUS1XDDR.FI
   FO_GEN[3].V2_ASYNCH_FIFO_I/BU26' has unconnected output pin
WARNING:NgdBuild:440 - FF primitive
   'ddr_256mb_32mx64_rank1_row13_col10_cl2_5/ddr_256mb_32mx64_rank1_row13_col10_
   cl2_5/WO_ECC.DDR_CTRL_I/WO_ECC_BUS1XDDR.RDDATA_PATH_I/GEN_RD_DATA_BUS1XDDR.FI
   FO_GEN[3].V2_ASYNCH_FIFO_I/BU31' has unconnected output pin
WARNING:NgdBuild:440 - FF primitive
   'ddr_256mb_32mx64_rank1_row13_col10_cl2_5/ddr_256mb_32mx64_rank1_row13_col10_
   cl2_5/WO_ECC.DDR_CTRL_I/WO_ECC_BUS1XDDR.RDDATA_PATH_I/GEN_RD_DATA_BUS1XDDR.FI
   FO_GEN[3].V2_ASYNCH_FIFO_I/BU36' has unconnected output pin
WARNING:NgdBuild:440 - FF primitive
   'ddr_256mb_32mx64_rank1_row13_col10_cl2_5/ddr_256mb_32mx64_rank1_row13_col10_
   cl2_5/WO_ECC.DDR_CTRL_I/WO_ECC_BUS1XDDR.RDDATA_PATH_I/GEN_RD_DATA_BUS1XDDR.FI
   FO_GEN[3].V2_ASYNCH_FIFO_I/BU41' has unconnected output pin
WARNING:NgdBuild:440 - FF primitive
   'ddr_256mb_32mx64_rank1_row13_col10_cl2_5/ddr_256mb_32mx64_rank1_row13_col10_
   cl2_5/WO_ECC.DDR_CTRL_I/WO_ECC_BUS1XDDR.RDDATA_PATH_I/GEN_RD_DATA_BUS1XDDR.FI
   FO_GEN[3].V2_ASYNCH_FIFO_I/BU46' has unconnected output pin
WARNING:NgdBuild:440 - FF primitive
   'ddr_256mb_32mx64_rank1_row13_col10_cl2_5/ddr_256mb_32mx64_rank1_row13_col10_
   cl2_5/WO_ECC.DDR_CTRL_I/WO_ECC_BUS1XDDR.RDDATA_PATH_I/GEN_RD_DATA_BUS1XDDR.FI
   FO_GEN[3].V2_ASYNCH_FIFO_I/BU133' has unconnected output pin
WARNING:NgdBuild:440 - FF primitive
   'ddr_256mb_32mx64_rank1_row13_col10_cl2_5/ddr_256mb_32mx64_rank1_row13_col10_
   cl2_5/WO_ECC.DDR_CTRL_I/WO_ECC_BUS1XDDR.RDDATA_PATH_I/GEN_RD_DATA_BUS1XDDR.FI
   FO_GEN[3].V2_ASYNCH_FIFO_I/BU240' has unconnected output pin
WARNING:NgdBuild:440 - FF primitive
   'ddr_256mb_32mx64_rank1_row13_col10_cl2_5/ddr_256mb_32mx64_rank1_row13_col10_
   cl2_5/WO_ECC.DDR_CTRL_I/WO_ECC_BUS1XDDR.RDDATA_PATH_I/GEN_RD_DATA_BUS1XDDR.FI
   FO_GEN[2].V2_ASYNCH_FIFO_I/BU11' has unconnected output pin
WARNING:NgdBuild:440 - FF primitive
   'ddr_256mb_32mx64_rank1_row13_col10_cl2_5/ddr_256mb_32mx64_rank1_row13_col10_
   cl2_5/WO_ECC.DDR_CTRL_I/WO_ECC_BUS1XDDR.RDDATA_PATH_I/GEN_RD_DATA_BUS1XDDR.FI
   FO_GEN[2].V2_ASYNCH_FIFO_I/BU16' has unconnected output pin
WARNING:NgdBuild:440 - FF primitive
   'ddr_256mb_32mx64_rank1_row13_col10_cl2_5/ddr_256mb_32mx64_rank1_row13_col10_
   cl2_5/WO_ECC.DDR_CTRL_I/WO_ECC_BUS1XDDR.RDDATA_PATH_I/GEN_RD_DATA_BUS1XDDR.FI
   FO_GEN[2].V2_ASYNCH_FIFO_I/BU21' has unconnected output pin
WARNING:NgdBuild:440 - FF primitive
   'ddr_256mb_32mx64_rank1_row13_col10_cl2_5/ddr_256mb_32mx64_rank1_row13_col10_
   cl2_5/WO_ECC.DDR_CTRL_I/WO_ECC_BUS1XDDR.RDDATA_PATH_I/GEN_RD_DATA_BUS1XDDR.FI
   FO_GEN[2].V2_ASYNCH_FIFO_I/BU26' has unconnected output pin
WARNING:NgdBuild:440 - FF primitive
   'ddr_256mb_32mx64_rank1_row13_col10_cl2_5/ddr_256mb_32mx64_rank1_row13_col10_
   cl2_5/WO_ECC.DDR_CTRL_I/WO_ECC_BUS1XDDR.RDDATA_PATH_I/GEN_RD_DATA_BUS1XDDR.FI
   FO_GEN[2].V2_ASYNCH_FIFO_I/BU31' has unconnected output pin
WARNING:NgdBuild:440 - FF primitive
   'ddr_256mb_32mx64_rank1_row13_col10_cl2_5/ddr_256mb_32mx64_rank1_row13_col10_
   cl2_5/WO_ECC.DDR_CTRL_I/WO_ECC_BUS1XDDR.RDDATA_PATH_I/GEN_RD_DATA_BUS1XDDR.FI
   FO_GEN[2].V2_ASYNCH_FIFO_I/BU36' has unconnected output pin
WARNING:NgdBuild:440 - FF primitive
   'ddr_256mb_32mx64_rank1_row13_col10_cl2_5/ddr_256mb_32mx64_rank1_row13_col10_
   cl2_5/WO_ECC.DDR_CTRL_I/WO_ECC_BUS1XDDR.RDDATA_PATH_I/GEN_RD_DATA_BUS1XDDR.FI
   FO_GEN[2].V2_ASYNCH_FIFO_I/BU41' has unconnected output pin
WARNING:NgdBuild:440 - FF primitive
   'ddr_256mb_32mx64_rank1_row13_col10_cl2_5/ddr_256mb_32mx64_rank1_row13_col10_
   cl2_5/WO_ECC.DDR_CTRL_I/WO_ECC_BUS1XDDR.RDDATA_PATH_I/GEN_RD_DATA_BUS1XDDR.FI
   FO_GEN[2].V2_ASYNCH_FIFO_I/BU46' has unconnected output pin
WARNING:NgdBuild:440 - FF primitive
   'ddr_256mb_32mx64_rank1_row13_col10_cl2_5/ddr_256mb_32mx64_rank1_row13_col10_
   cl2_5/WO_ECC.DDR_CTRL_I/WO_ECC_BUS1XDDR.RDDATA_PATH_I/GEN_RD_DATA_BUS1XDDR.FI
   FO_GEN[2].V2_ASYNCH_FIFO_I/BU133' has unconnected output pin
WARNING:NgdBuild:440 - FF primitive
   'ddr_256mb_32mx64_rank1_row13_col10_cl2_5/ddr_256mb_32mx64_rank1_row13_col10_
   cl2_5/WO_ECC.DDR_CTRL_I/WO_ECC_BUS1XDDR.RDDATA_PATH_I/GEN_RD_DATA_BUS1XDDR.FI
   FO_GEN[2].V2_ASYNCH_FIFO_I/BU240' has unconnected output pin
WARNING:NgdBuild:440 - FF primitive
   'ddr_256mb_32mx64_rank1_row13_col10_cl2_5/ddr_256mb_32mx64_rank1_row13_col10_
   cl2_5/WO_ECC.DDR_CTRL_I/WO_ECC_BUS1XDDR.RDDATA_PATH_I/GEN_RD_DATA_BUS1XDDR.FI
   FO_GEN[1].V2_ASYNCH_FIFO_I/BU11' has unconnected output pin
WARNING:NgdBuild:440 - FF primitive
   'ddr_256mb_32mx64_rank1_row13_col10_cl2_5/ddr_256mb_32mx64_rank1_row13_col10_
   cl2_5/WO_ECC.DDR_CTRL_I/WO_ECC_BUS1XDDR.RDDATA_PATH_I/GEN_RD_DATA_BUS1XDDR.FI
   FO_GEN[1].V2_ASYNCH_FIFO_I/BU16' has unconnected output pin
WARNING:NgdBuild:440 - FF primitive
   'ddr_256mb_32mx64_rank1_row13_col10_cl2_5/ddr_256mb_32mx64_rank1_row13_col10_
   cl2_5/WO_ECC.DDR_CTRL_I/WO_ECC_BUS1XDDR.RDDATA_PATH_I/GEN_RD_DATA_BUS1XDDR.FI
   FO_GEN[1].V2_ASYNCH_FIFO_I/BU21' has unconnected output pin
WARNING:NgdBuild:440 - FF primitive
   'ddr_256mb_32mx64_rank1_row13_col10_cl2_5/ddr_256mb_32mx64_rank1_row13_col10_
   cl2_5/WO_ECC.DDR_CTRL_I/WO_ECC_BUS1XDDR.RDDATA_PATH_I/GEN_RD_DATA_BUS1XDDR.FI
   FO_GEN[1].V2_ASYNCH_FIFO_I/BU26' has unconnected output pin
WARNING:NgdBuild:440 - FF primitive
   'ddr_256mb_32mx64_rank1_row13_col10_cl2_5/ddr_256mb_32mx64_rank1_row13_col10_
   cl2_5/WO_ECC.DDR_CTRL_I/WO_ECC_BUS1XDDR.RDDATA_PATH_I/GEN_RD_DATA_BUS1XDDR.FI
   FO_GEN[1].V2_ASYNCH_FIFO_I/BU31' has unconnected output pin
WARNING:NgdBuild:440 - FF primitive
   'ddr_256mb_32mx64_rank1_row13_col10_cl2_5/ddr_256mb_32mx64_rank1_row13_col10_
   cl2_5/WO_ECC.DDR_CTRL_I/WO_ECC_BUS1XDDR.RDDATA_PATH_I/GEN_RD_DATA_BUS1XDDR.FI
   FO_GEN[1].V2_ASYNCH_FIFO_I/BU36' has unconnected output pin
WARNING:NgdBuild:440 - FF primitive
   'ddr_256mb_32mx64_rank1_row13_col10_cl2_5/ddr_256mb_32mx64_rank1_row13_col10_
   cl2_5/WO_ECC.DDR_CTRL_I/WO_ECC_BUS1XDDR.RDDATA_PATH_I/GEN_RD_DATA_BUS1XDDR.FI
   FO_GEN[1].V2_ASYNCH_FIFO_I/BU41' has unconnected output pin
WARNING:NgdBuild:440 - FF primitive
   'ddr_256mb_32mx64_rank1_row13_col10_cl2_5/ddr_256mb_32mx64_rank1_row13_col10_
   cl2_5/WO_ECC.DDR_CTRL_I/WO_ECC_BUS1XDDR.RDDATA_PATH_I/GEN_RD_DATA_BUS1XDDR.FI
   FO_GEN[1].V2_ASYNCH_FIFO_I/BU46' has unconnected output pin
WARNING:NgdBuild:440 - FF primitive
   'ddr_256mb_32mx64_rank1_row13_col10_cl2_5/ddr_256mb_32mx64_rank1_row13_col10_
   cl2_5/WO_ECC.DDR_CTRL_I/WO_ECC_BUS1XDDR.RDDATA_PATH_I/GEN_RD_DATA_BUS1XDDR.FI
   FO_GEN[1].V2_ASYNCH_FIFO_I/BU133' has unconnected output pin
WARNING:NgdBuild:440 - FF primitive
   'ddr_256mb_32mx64_rank1_row13_col10_cl2_5/ddr_256mb_32mx64_rank1_row13_col10_
   cl2_5/WO_ECC.DDR_CTRL_I/WO_ECC_BUS1XDDR.RDDATA_PATH_I/GEN_RD_DATA_BUS1XDDR.FI
   FO_GEN[1].V2_ASYNCH_FIFO_I/BU240' has unconnected output pin
WARNING:NgdBuild:440 - FF primitive
   'ddr_256mb_32mx64_rank1_row13_col10_cl2_5/ddr_256mb_32mx64_rank1_row13_col10_
   cl2_5/WO_ECC.DDR_CTRL_I/WO_ECC_BUS1XDDR.RDDATA_PATH_I/GEN_RD_DATA_BUS1XDDR.FI
   FO_GEN[0].V2_ASYNCH_FIFO_I/BU11' has unconnected output pin
WARNING:NgdBuild:440 - FF primitive
   'ddr_256mb_32mx64_rank1_row13_col10_cl2_5/ddr_256mb_32mx64_rank1_row13_col10_
   cl2_5/WO_ECC.DDR_CTRL_I/WO_ECC_BUS1XDDR.RDDATA_PATH_I/GEN_RD_DATA_BUS1XDDR.FI
   FO_GEN[0].V2_ASYNCH_FIFO_I/BU16' has unconnected output pin
WARNING:NgdBuild:440 - FF primitive
   'ddr_256mb_32mx64_rank1_row13_col10_cl2_5/ddr_256mb_32mx64_rank1_row13_col10_
   cl2_5/WO_ECC.DDR_CTRL_I/WO_ECC_BUS1XDDR.RDDATA_PATH_I/GEN_RD_DATA_BUS1XDDR.FI
   FO_GEN[0].V2_ASYNCH_FIFO_I/BU21' has unconnected output pin
WARNING:NgdBuild:440 - FF primitive
   'ddr_256mb_32mx64_rank1_row13_col10_cl2_5/ddr_256mb_32mx64_rank1_row13_col10_
   cl2_5/WO_ECC.DDR_CTRL_I/WO_ECC_BUS1XDDR.RDDATA_PATH_I/GEN_RD_DATA_BUS1XDDR.FI
   FO_GEN[0].V2_ASYNCH_FIFO_I/BU26' has unconnected output pin
WARNING:NgdBuild:440 - FF primitive
   'ddr_256mb_32mx64_rank1_row13_col10_cl2_5/ddr_256mb_32mx64_rank1_row13_col10_
   cl2_5/WO_ECC.DDR_CTRL_I/WO_ECC_BUS1XDDR.RDDATA_PATH_I/GEN_RD_DATA_BUS1XDDR.FI
   FO_GEN[0].V2_ASYNCH_FIFO_I/BU31' has unconnected output pin
WARNING:NgdBuild:440 - FF primitive
   'ddr_256mb_32mx64_rank1_row13_col10_cl2_5/ddr_256mb_32mx64_rank1_row13_col10_
   cl2_5/WO_ECC.DDR_CTRL_I/WO_ECC_BUS1XDDR.RDDATA_PATH_I/GEN_RD_DATA_BUS1XDDR.FI
   FO_GEN[0].V2_ASYNCH_FIFO_I/BU36' has unconnected output pin
WARNING:NgdBuild:440 - FF primitive
   'ddr_256mb_32mx64_rank1_row13_col10_cl2_5/ddr_256mb_32mx64_rank1_row13_col10_
   cl2_5/WO_ECC.DDR_CTRL_I/WO_ECC_BUS1XDDR.RDDATA_PATH_I/GEN_RD_DATA_BUS1XDDR.FI
   FO_GEN[0].V2_ASYNCH_FIFO_I/BU41' has unconnected output pin
WARNING:NgdBuild:440 - FF primitive
   'ddr_256mb_32mx64_rank1_row13_col10_cl2_5/ddr_256mb_32mx64_rank1_row13_col10_
   cl2_5/WO_ECC.DDR_CTRL_I/WO_ECC_BUS1XDDR.RDDATA_PATH_I/GEN_RD_DATA_BUS1XDDR.FI
   FO_GEN[0].V2_ASYNCH_FIFO_I/BU46' has unconnected output pin
WARNING:NgdBuild:440 - FF primitive
   'ddr_256mb_32mx64_rank1_row13_col10_cl2_5/ddr_256mb_32mx64_rank1_row13_col10_
   cl2_5/WO_ECC.DDR_CTRL_I/WO_ECC_BUS1XDDR.RDDATA_PATH_I/GEN_RD_DATA_BUS1XDDR.FI
   FO_GEN[0].V2_ASYNCH_FIFO_I/BU133' has unconnected output pin
WARNING:NgdBuild:440 - FF primitive
   'ddr_256mb_32mx64_rank1_row13_col10_cl2_5/ddr_256mb_32mx64_rank1_row13_col10_
   cl2_5/WO_ECC.DDR_CTRL_I/WO_ECC_BUS1XDDR.RDDATA_PATH_I/GEN_RD_DATA_BUS1XDDR.FI
   FO_GEN[0].V2_ASYNCH_FIFO_I/BU240' has unconnected output pin
WARNING:NgdBuild:443 - SFF primitive
   'plb_bram_if_cntlr_1/plb_bram_if_cntlr_1/I_PLB_IPIF/I_SLAVE_ATTACHMENT/GEN_SL
   OW_MODE_BURSTXFER.I_ADDRESS_COUNTER/GEN_S_H_SIZE_REG[0].I_SIZE_S_H_REG' has
   unconnected output pin
WARNING:NgdBuild:443 - SFF primitive
   'plb_bram_if_cntlr_1/plb_bram_if_cntlr_1/I_PLB_IPIF/I_SLAVE_ATTACHMENT/GEN_SL
   OW_MODE_BURSTXFER.I_ADDRESS_COUNTER/GEN_S_H_SIZE_REG[1].I_SIZE_S_H_REG' has
   unconnected output pin
WARNING:NgdBuild:443 - SFF primitive
   'plb_bram_if_cntlr_1/plb_bram_if_cntlr_1/I_PLB_IPIF/I_SLAVE_ATTACHMENT/I_DECO
   DER/GEN_S_H_ADDR_REG[0].I_ADDR_S_H_REG' has unconnected output pin
WARNING:NgdBuild:443 - SFF primitive
   'plb_bram_if_cntlr_1/plb_bram_if_cntlr_1/I_PLB_IPIF/I_SLAVE_ATTACHMENT/I_DECO
   DER/GEN_S_H_ADDR_REG[1].I_ADDR_S_H_REG' has unconnected output pin
WARNING:NgdBuild:443 - SFF primitive
   'plb_bram_if_cntlr_1/plb_bram_if_cntlr_1/I_PLB_IPIF/I_SLAVE_ATTACHMENT/I_DECO
   DER/GEN_S_H_ADDR_REG[2].I_ADDR_S_H_REG' has unconnected output pin
WARNING:NgdBuild:443 - SFF primitive
   'plb_bram_if_cntlr_1/plb_bram_if_cntlr_1/I_PLB_IPIF/I_SLAVE_ATTACHMENT/I_DECO
   DER/GEN_BKEND_CE_REGISTERS[0].I_BKEND_CE_REG' has unconnected output pin
WARNING:NgdBuild:443 - SFF primitive
   'plb_bram_if_cntlr_1/plb_bram_if_cntlr_1/I_PLB_IPIF/I_SLAVE_ATTACHMENT/I_DECO
   DER/GEN_BKEND_CE_REGISTERS[0].I_BKEND_RDCE_REG' has unconnected output pin
WARNING:NgdBuild:443 - SFF primitive
   'plb_bram_if_cntlr_1/plb_bram_if_cntlr_1/I_PLB_IPIF/I_SLAVE_ATTACHMENT/I_DECO
   DER/GEN_BKEND_CE_REGISTERS[0].I_BKEND_WRCE_REG' has unconnected output pin
WARNING:NgdBuild:443 - SFF primitive
   'plb_bram_if_cntlr_1/plb_bram_if_cntlr_1/I_PLB_IPIF/I_SLAVE_ATTACHMENT/I_DECO
   DER/I_CS_SIZE_REG0' has unconnected output pin
WARNING:NgdBuild:443 - SFF primitive
   'plb_bram_if_cntlr_1/plb_bram_if_cntlr_1/I_PLB_IPIF/I_SLAVE_ATTACHMENT/I_DECO
   DER/I_CS_SIZE_REG1' has unconnected output pin
WARNING:NgdBuild:443 - SFF primitive
   'plb_bram_if_cntlr_1/plb_bram_if_cntlr_1/I_PLB_IPIF/I_SLAVE_ATTACHMENT/I_DECO
   DER/I_CS_SIZE_REG2' has unconnected output pin
WARNING:NgdBuild:443 - SFF primitive
   'opb_intc_0/opb_intc_0/OPB_INTFC_I/OPB_DBUS_REG_GEN[28].OPB_DBUS_REG_BIT_I'
   has unconnected output pin
WARNING:NgdBuild:443 - SFF primitive
   'opb_intc_0/opb_intc_0/OPB_INTFC_I/OPB_DBUS_REG_GEN[27].OPB_DBUS_REG_BIT_I'
   has unconnected output pin
WARNING:NgdBuild:443 - SFF primitive
   'opb_intc_0/opb_intc_0/OPB_INTFC_I/OPB_DBUS_REG_GEN[26].OPB_DBUS_REG_BIT_I'
   has unconnected output pin
WARNING:NgdBuild:443 - SFF primitive
   'opb_intc_0/opb_intc_0/OPB_INTFC_I/OPB_DBUS_REG_GEN[25].OPB_DBUS_REG_BIT_I'
   has unconnected output pin
WARNING:NgdBuild:443 - SFF primitive
   'opb_intc_0/opb_intc_0/OPB_INTFC_I/OPB_DBUS_REG_GEN[24].OPB_DBUS_REG_BIT_I'
   has unconnected output pin
WARNING:NgdBuild:443 - SFF primitive
   'opb_intc_0/opb_intc_0/OPB_INTFC_I/OPB_DBUS_REG_GEN[23].OPB_DBUS_REG_BIT_I'
   has unconnected output pin
WARNING:NgdBuild:443 - SFF primitive
   'opb_intc_0/opb_intc_0/OPB_INTFC_I/OPB_DBUS_REG_GEN[22].OPB_DBUS_REG_BIT_I'
   has unconnected output pin
WARNING:NgdBuild:443 - SFF primitive
   'opb_intc_0/opb_intc_0/OPB_INTFC_I/OPB_DBUS_REG_GEN[21].OPB_DBUS_REG_BIT_I'
   has unconnected output pin
WARNING:NgdBuild:443 - SFF primitive
   'opb_intc_0/opb_intc_0/OPB_INTFC_I/OPB_DBUS_REG_GEN[20].OPB_DBUS_REG_BIT_I'
   has unconnected output pin
WARNING:NgdBuild:443 - SFF primitive
   'opb_intc_0/opb_intc_0/OPB_INTFC_I/OPB_DBUS_REG_GEN[19].OPB_DBUS_REG_BIT_I'
   has unconnected output pin
WARNING:NgdBuild:443 - SFF primitive
   'opb_intc_0/opb_intc_0/OPB_INTFC_I/OPB_DBUS_REG_GEN[18].OPB_DBUS_REG_BIT_I'
   has unconnected output pin
WARNING:NgdBuild:443 - SFF primitive
   'opb_intc_0/opb_intc_0/OPB_INTFC_I/OPB_DBUS_REG_GEN[17].OPB_DBUS_REG_BIT_I'
   has unconnected output pin
WARNING:NgdBuild:443 - SFF primitive
   'opb_intc_0/opb_intc_0/OPB_INTFC_I/OPB_DBUS_REG_GEN[16].OPB_DBUS_REG_BIT_I'
   has unconnected output pin
WARNING:NgdBuild:443 - SFF primitive
   'opb_intc_0/opb_intc_0/OPB_INTFC_I/OPB_DBUS_REG_GEN[15].OPB_DBUS_REG_BIT_I'
   has unconnected output pin
WARNING:NgdBuild:443 - SFF primitive
   'opb_intc_0/opb_intc_0/OPB_INTFC_I/OPB_DBUS_REG_GEN[14].OPB_DBUS_REG_BIT_I'
   has unconnected output pin
WARNING:NgdBuild:443 - SFF primitive
   'opb_intc_0/opb_intc_0/OPB_INTFC_I/OPB_DBUS_REG_GEN[13].OPB_DBUS_REG_BIT_I'
   has unconnected output pin
WARNING:NgdBuild:443 - SFF primitive
   'opb_intc_0/opb_intc_0/OPB_INTFC_I/OPB_DBUS_REG_GEN[12].OPB_DBUS_REG_BIT_I'
   has unconnected output pin
WARNING:NgdBuild:443 - SFF primitive
   'opb_intc_0/opb_intc_0/OPB_INTFC_I/OPB_DBUS_REG_GEN[11].OPB_DBUS_REG_BIT_I'
   has unconnected output pin
WARNING:NgdBuild:443 - SFF primitive
   'opb_intc_0/opb_intc_0/OPB_INTFC_I/OPB_DBUS_REG_GEN[10].OPB_DBUS_REG_BIT_I'
   has unconnected output pin
WARNING:NgdBuild:443 - SFF primitive
   'opb_intc_0/opb_intc_0/OPB_INTFC_I/OPB_DBUS_REG_GEN[9].OPB_DBUS_REG_BIT_I'
   has unconnected output pin
WARNING:NgdBuild:443 - SFF primitive
   'opb_intc_0/opb_intc_0/OPB_INTFC_I/OPB_DBUS_REG_GEN[8].OPB_DBUS_REG_BIT_I'
   has unconnected output pin
WARNING:NgdBuild:443 - SFF primitive
   'opb_intc_0/opb_intc_0/OPB_INTFC_I/OPB_DBUS_REG_GEN[7].OPB_DBUS_REG_BIT_I'
   has unconnected output pin
WARNING:NgdBuild:443 - SFF primitive
   'opb_intc_0/opb_intc_0/OPB_INTFC_I/OPB_DBUS_REG_GEN[6].OPB_DBUS_REG_BIT_I'
   has unconnected output pin
WARNING:NgdBuild:443 - SFF primitive
   'opb_intc_0/opb_intc_0/OPB_INTFC_I/OPB_DBUS_REG_GEN[5].OPB_DBUS_REG_BIT_I'
   has unconnected output pin
WARNING:NgdBuild:443 - SFF primitive
   'opb_intc_0/opb_intc_0/OPB_INTFC_I/OPB_DBUS_REG_GEN[4].OPB_DBUS_REG_BIT_I'
   has unconnected output pin
WARNING:NgdBuild:443 - SFF primitive
   'opb_intc_0/opb_intc_0/OPB_INTFC_I/OPB_DBUS_REG_GEN[3].OPB_DBUS_REG_BIT_I'
   has unconnected output pin
WARNING:NgdBuild:443 - SFF primitive
   'opb_intc_0/opb_intc_0/OPB_INTFC_I/OPB_DBUS_REG_GEN[2].OPB_DBUS_REG_BIT_I'
   has unconnected output pin
WARNING:NgdBuild:443 - SFF primitive
   'opb_intc_0/opb_intc_0/OPB_INTFC_I/OPB_DBUS_REG_GEN[1].OPB_DBUS_REG_BIT_I'
   has unconnected output pin
WARNING:NgdBuild:443 - SFF primitive
   'opb_intc_0/opb_intc_0/OPB_INTFC_I/OPB_DBUS_REG_GEN[0].OPB_DBUS_REG_BIT_I'
   has unconnected output pin
WARNING:NgdBuild:443 - SFF primitive
   'opb_intc_0/opb_intc_0/OPB_INTFC_I/OPB_ABUS_REG_GEN[31].OPB_ABUS_REG_BIT_I'
   has unconnected output pin
WARNING:NgdBuild:443 - SFF primitive
   'opb_intc_0/opb_intc_0/OPB_INTFC_I/OPB_ABUS_REG_GEN[30].OPB_ABUS_REG_BIT_I'
   has unconnected output pin
WARNING:NgdBuild:443 - SFF primitive
   'opb_intc_0/opb_intc_0/OPB_INTFC_I/OPB_ABUS_REG_GEN[26].OPB_ABUS_REG_BIT_I'
   has unconnected output pin
WARNING:NgdBuild:443 - SFF primitive
   'opb_intc_0/opb_intc_0/OPB_INTFC_I/OPB_ABUS_REG_GEN[25].OPB_ABUS_REG_BIT_I'
   has unconnected output pin
WARNING:NgdBuild:443 - SFF primitive
   'opb_intc_0/opb_intc_0/OPB_INTFC_I/OPB_ABUS_REG_GEN[24].OPB_ABUS_REG_BIT_I'
   has unconnected output pin
WARNING:NgdBuild:443 - SFF primitive
   'opb_intc_0/opb_intc_0/OPB_INTFC_I/OPB_ABUS_REG_GEN[23].OPB_ABUS_REG_BIT_I'
   has unconnected output pin
WARNING:NgdBuild:443 - SFF primitive
   'opb_intc_0/opb_intc_0/OPB_INTFC_I/OPB_ABUS_REG_GEN[22].OPB_ABUS_REG_BIT_I'
   has unconnected output pin
WARNING:NgdBuild:443 - SFF primitive
   'opb_intc_0/opb_intc_0/OPB_INTFC_I/OPB_ABUS_REG_GEN[21].OPB_ABUS_REG_BIT_I'
   has unconnected output pin
WARNING:NgdBuild:443 - SFF primitive
   'opb_intc_0/opb_intc_0/OPB_INTFC_I/OPB_ABUS_REG_GEN[20].OPB_ABUS_REG_BIT_I'
   has unconnected output pin
WARNING:NgdBuild:443 - SFF primitive
   'opb_intc_0/opb_intc_0/OPB_INTFC_I/OPB_ABUS_REG_GEN[19].OPB_ABUS_REG_BIT_I'
   has unconnected output pin
WARNING:NgdBuild:443 - SFF primitive
   'opb_intc_0/opb_intc_0/OPB_INTFC_I/OPB_ABUS_REG_GEN[18].OPB_ABUS_REG_BIT_I'
   has unconnected output pin
WARNING:NgdBuild:443 - SFF primitive
   'opb_intc_0/opb_intc_0/OPB_INTFC_I/OPB_ABUS_REG_GEN[17].OPB_ABUS_REG_BIT_I'
   has unconnected output pin
WARNING:NgdBuild:443 - SFF primitive
   'opb_intc_0/opb_intc_0/OPB_INTFC_I/OPB_ABUS_REG_GEN[16].OPB_ABUS_REG_BIT_I'
   has unconnected output pin
WARNING:NgdBuild:443 - SFF primitive
   'opb_intc_0/opb_intc_0/OPB_INTFC_I/OPB_ABUS_REG_GEN[15].OPB_ABUS_REG_BIT_I'
   has unconnected output pin
WARNING:NgdBuild:443 - SFF primitive
   'opb_intc_0/opb_intc_0/OPB_INTFC_I/OPB_ABUS_REG_GEN[14].OPB_ABUS_REG_BIT_I'
   has unconnected output pin
WARNING:NgdBuild:443 - SFF primitive
   'opb_intc_0/opb_intc_0/OPB_INTFC_I/OPB_ABUS_REG_GEN[13].OPB_ABUS_REG_BIT_I'
   has unconnected output pin
WARNING:NgdBuild:443 - SFF primitive
   'opb_intc_0/opb_intc_0/OPB_INTFC_I/OPB_ABUS_REG_GEN[12].OPB_ABUS_REG_BIT_I'
   has unconnected output pin
WARNING:NgdBuild:443 - SFF primitive
   'opb_intc_0/opb_intc_0/OPB_INTFC_I/OPB_ABUS_REG_GEN[11].OPB_ABUS_REG_BIT_I'
   has unconnected output pin
WARNING:NgdBuild:443 - SFF primitive
   'opb_intc_0/opb_intc_0/OPB_INTFC_I/OPB_ABUS_REG_GEN[10].OPB_ABUS_REG_BIT_I'
   has unconnected output pin
WARNING:NgdBuild:443 - SFF primitive
   'opb_intc_0/opb_intc_0/OPB_INTFC_I/OPB_ABUS_REG_GEN[9].OPB_ABUS_REG_BIT_I'
   has unconnected output pin
WARNING:NgdBuild:443 - SFF primitive
   'opb_intc_0/opb_intc_0/OPB_INTFC_I/OPB_ABUS_REG_GEN[8].OPB_ABUS_REG_BIT_I'
   has unconnected output pin
WARNING:NgdBuild:443 - SFF primitive
   'opb_intc_0/opb_intc_0/OPB_INTFC_I/OPB_ABUS_REG_GEN[7].OPB_ABUS_REG_BIT_I'
   has unconnected output pin
WARNING:NgdBuild:443 - SFF primitive
   'opb_intc_0/opb_intc_0/OPB_INTFC_I/OPB_ABUS_REG_GEN[6].OPB_ABUS_REG_BIT_I'
   has unconnected output pin
WARNING:NgdBuild:443 - SFF primitive
   'opb_intc_0/opb_intc_0/OPB_INTFC_I/OPB_ABUS_REG_GEN[5].OPB_ABUS_REG_BIT_I'
   has unconnected output pin
WARNING:NgdBuild:443 - SFF primitive
   'opb_intc_0/opb_intc_0/OPB_INTFC_I/OPB_ABUS_REG_GEN[4].OPB_ABUS_REG_BIT_I'
   has unconnected output pin
WARNING:NgdBuild:443 - SFF primitive
   'opb_intc_0/opb_intc_0/OPB_INTFC_I/OPB_ABUS_REG_GEN[3].OPB_ABUS_REG_BIT_I'
   has unconnected output pin
WARNING:NgdBuild:443 - SFF primitive
   'opb_intc_0/opb_intc_0/OPB_INTFC_I/OPB_ABUS_REG_GEN[2].OPB_ABUS_REG_BIT_I'
   has unconnected output pin
WARNING:NgdBuild:443 - SFF primitive
   'opb_intc_0/opb_intc_0/OPB_INTFC_I/OPB_ABUS_REG_GEN[1].OPB_ABUS_REG_BIT_I'
   has unconnected output pin
WARNING:NgdBuild:443 - SFF primitive
   'opb_intc_0/opb_intc_0/OPB_INTFC_I/OPB_ABUS_REG_GEN[0].OPB_ABUS_REG_BIT_I'
   has unconnected output pin

Partition Implementation Status
-------------------------------

  No Partitions were found in this design.

-------------------------------

NGDBUILD Design Results Summary:
  Number of errors:     0
  Number of warnings: 225

Writing NGD file "system.ngd" ...

Writing NGDBUILD log file "system.bld"...

NGDBUILD done.



#----------------------------------------------#
# Starting program map
# map -o system_map.ncd -pr b system.ngd system.pcf 
#----------------------------------------------#
Release 9.1.02i - Map J.33
Copyright (c) 1995-2007 Xilinx, Inc.  All rights reserved.
Using target part "2vp30ff896-7".
Mapping design into LUTs...
Writing file system_map.ngm...
Running directed packing...
Running delay-based LUT packing...
Running related packing...
Writing design file "system_map.ncd"...

Design Summary:
Number of errors:      0
Number of warnings:   48
Logic Utilization:
  Number of Slice Flip Flops:       2,808 out of  27,392   10%
  Number of 4 input LUTs:           2,325 out of  27,392    8%
Logic Distribution:
  Number of occupied Slices:        2,686 out of  13,696   19%
  Number of Slices containing only related logic:   2,686 out of   2,686  100%
  Number of Slices containing unrelated logic:          0 out of   2,686    0%
        *See NOTES below for an explanation of the effects of unrelated logic
Total Number of 4 input LUTs:          2,972 out of  27,392   10%
  Number used as logic:             2,325
  Number used as a route-thru:        231
  Number used for Dual Port RAMs:     342
    (Two LUTs used per Dual Port RAM)
  Number used as Shift registers:      74

  Number of bonded IOBs:              231 out of     556   41%
    IOB Flip Flops:                   335
    IOB Dual-Data Rate Flops:          24
  Number of PPC405s:                   2 out of       2  100%
  Number of JTAGPPCs:                  1 out of       1  100%
  Number of Block RAMs:                67 out of     136   49%
  Number of GCLKs:                      7 out of      16   43%
  Number of DCMs:                       3 out of       8   37%
  Number of GTs:                        0 out of       8    0%
  Number of GT10s:                      0 out of       0    0%

Total equivalent gate count for design:  4,503,843
Additional JTAG gate count for IOBs:  11,088
Peak Memory Usage:  248 MB
Total REAL time to MAP completion:  16 secs 
Total CPU time to MAP completion:   16 secs 

NOTES:

   Related logic is defined as being logic that shares connectivity - e.g. two
   LUTs are "related" if they share common inputs.  When assembling slices,
   Map gives priority to combine logic that is related.  Doing so results in
   the best timing performance.

   Unrelated logic shares no connectivity.  Map will only begin packing
   unrelated logic into a slice once 99% of the slices are occupied through
   related logic packing.

   Note that once logic distribution reaches the 99% level through related
   logic packing, this does not mean the device is completely utilized.
   Unrelated logic packing will then begin, continuing until all usable LUTs
   and FFs are occupied.  Depending on your timing budget, increased levels of
   unrelated logic packing may adversely affect the overall timing performance
   of your design.

Mapping completed.
See MAP report file "system_map.mrp" for details.



#----------------------------------------------#
# Starting program par
# par -w -ol high system_map.ncd system.ncd system.pcf 
#----------------------------------------------#
Release 9.1.02i - par J.33
Copyright (c) 1995-2007 Xilinx, Inc.  All rights reserved.



Constraints file: system.pcf.
Loading device for application Rf_Device from file '2vp30.nph' in environment C:\Xilinx91i.
   "system" is an NCD, version 3.1, device xc2vp30, package ff896, speed -7

Initializing temperature to 85.000 Celsius. (default - Range: -40.000 to 100.000 Celsius)
Initializing voltage to 1.400 Volts. (default - Range: 1.400 to 1.600 Volts)


Device speed data version:  "PRODUCTION 1.93 2007-02-23".


Device Utilization Summary:

   Number of BUFGMUXs                        7 out of 16     43%
   Number of DCMs                            3 out of 8      37%
   Number of External IOBs                 231 out of 556    41%
      Number of LOCed IOBs                 231 out of 231   100%

   Number of JTAGPPCs                        1 out of 1     100%
   Number of PPC405s                         2 out of 2     100%
   Number of RAMB16s                        67 out of 136    49%
   Number of SLICEs                       2686 out of 13696  19%


Overall effort level (-ol):   High 
Placer effort level (-pl):    High 
Placer cost table entry (-t): 1
Router effort level (-rl):    High 

Starting initial Timing Analysis.  REAL time: 7 secs 
Finished initial Timing Analysis.  REAL time: 7 secs 


Starting Placer

Phase 1.1
Phase 1.1 (Checksum:995d41) REAL time: 12 secs 

Phase 2.7
Phase 2.7 (Checksum:1312cfe) REAL time: 12 secs 

Phase 3.31
WARNING:Place:479 - Use of the left PPC405 has been detected. The left processor requires specialdesign considerations
   when operating above 350 MHz in the -7 speed grade part.Please see Xilinx Application Note XAPP755 for details.
Phase 3.31 (Checksum:1c9c37d) REAL time: 12 secs 

Phase 4.2
......
.........................
Phase 4.2 (Checksum:993683) REAL time: 15 secs 

Phase 5.30
Phase 5.30 (Checksum:2faf07b) REAL time: 15 secs 

Phase 6.3
Phase 6.3 (Checksum:39386fa) REAL time: 15 secs 

Phase 7.5
Phase 7.5 (Checksum:42c1d79) REAL time: 15 secs 

Phase 8.8
.....................
........
...............
.......
......
...
Phase 8.8 (Checksum:123445f) REAL time: 30 secs 

Phase 9.5
Phase 9.5 (Checksum:55d4a77) REAL time: 30 secs 

Phase 10.18
Phase 10.18 (Checksum:5f5e0f6) REAL time: 42 secs 

Phase 11.5
Phase 11.5 (Checksum:68e7775) REAL time: 42 secs 

Phase 12.27
Phase 12.27 (Checksum:7270df4) REAL time: 43 secs 

Phase 13.24
Phase 13.24 (Checksum:7bfa473) REAL time: 43 secs 

REAL time consumed by placer: 46 secs 
CPU  time consumed by placer: 46 secs 
Writing design to file system.ncd


Total REAL time to Placer completion: 46 secs 
Total CPU time to Placer completion: 46 secs 

Starting Router

Phase 1: 22940 unrouted;       REAL time: 55 secs 

Phase 2: 18784 unrouted;       REAL time: 57 secs 

Phase 3: 3395 unrouted;       REAL time: 1 mins 3 secs 

Phase 4: 3395 unrouted; (21527)      REAL time: 1 mins 3 secs 

Phase 5: 3410 unrouted; (403)      REAL time: 1 mins 8 secs 

Phase 6: 3419 unrouted; (0)      REAL time: 1 mins 8 secs 

Phase 7: 0 unrouted; (0)      REAL time: 1 mins 14 secs 

Phase 8: 0 unrouted; (0)      REAL time: 1 mins 17 secs 

WARNING:Route:455 - CLK Net:exp_io_28_pin_OBUF may have excessive skew because 
      0 CLK pins and 1 NON_CLK pins failed to route using a CLK template.
WARNING:Route:455 - CLK Net:sys_clk_pin_IBUFG may have excessive skew because 
      3 CLK pins and 0 NON_CLK pins failed to route using a CLK template.
WARNING:Route:455 - CLK Net:fpga_0_DDR_CLK_FB_IBUFG may have excessive skew because 
      3 CLK pins and 0 NON_CLK pins failed to route using a CLK template.

Total REAL time to Router completion: 1 mins 19 secs 
Total CPU time to Router completion: 1 mins 19 secs 

Partition Implementation Status
-------------------------------

  No Partitions were found in this design.

-------------------------------

Generating "PAR" statistics.

**************************
Generating Clock Report
**************************

+---------------------+--------------+------+------+------------+-------------+
|        Clock Net    |   Resource   |Locked|Fanout|Net Skew(ns)|Max Delay(ns)|
+---------------------+--------------+------+------+------------+-------------+
|  exp_io_28_pin_OBUF |     BUFGMUX3S| No   | 1812 |  0.290     |  1.267      |
+---------------------+--------------+------+------+------------+-------------+
|        ddr_clk_90_s |     BUFGMUX2S| No   |  202 |  0.145     |  1.257      |
+---------------------+--------------+------+------+------------+-------------+
|fpga_0_Audio_Codec_B |              |      |      |            |             |
|    it_Clk_pin_BUFGP |     BUFGMUX0S| No   |   79 |  0.155     |  1.257      |
+---------------------+--------------+------+------+------------+-------------+
|vga_framebuffer/vga_ |              |      |      |            |             |
|framebuffer/buffered |              |      |      |            |             |
|        _pixel_clock |     BUFGMUX4P| No   |   92 |  0.261     |  1.252      |
+---------------------+--------------+------+------+------------+-------------+
|fpga_0_SysACE_Compac |              |      |      |            |             |
|tFlash_SysACE_CLK_pi |              |      |      |            |             |
|             n_BUFGP |     BUFGMUX1S| No   |   62 |  0.110     |  1.241      |
+---------------------+--------------+------+------+------------+-------------+
|            clk_90_s |     BUFGMUX5S| No   |   50 |  0.145     |  1.257      |
+---------------------+--------------+------+------+------------+-------------+
|   sys_clk_pin_IBUFG |         Local|      |    4 |  0.212     |  1.508      |
+---------------------+--------------+------+------+------------+-------------+
|fpga_0_DDR_CLK_FB_IB |              |      |      |            |             |
|                 UFG |         Local|      |    4 |  0.198     |  2.924      |
+---------------------+--------------+------+------+------------+-------------+
|jtagppc_0_0_JTGC405T |              |      |      |            |             |
|                  CK |         Local|      |    2 |  1.809     |  4.565      |
+---------------------+--------------+------+------+------------+-------------+

* Net Skew is the difference between the minimum and maximum routing
only delays for the net. Note this is different from Clock Skew which
is reported in TRCE timing report. Clock Skew is the difference between
the minimum and maximum path delays which includes logic delays.

Timing Score: 0

Asterisk (*) preceding a constraint indicates it was not met.
   This may be due to a setup or hold violation.

------------------------------------------------------------------------------------------------------
  Constraint                                |  Check  | Worst Case |  Best Case | Timing |   Timing   
                                            |         |    Slack   | Achievable | Errors |    Score   
------------------------------------------------------------------------------------------------------
  TS_dcm_0_dcm_0_CLK0_BUF = PERIOD TIMEGRP  | SETUP   |     0.095ns|     9.856ns|       0|           0
  "dcm_0_dcm_0_CLK0_BUF" TS_sys_clk_pin     | HOLD    |     0.245ns|            |       0|           0
       HIGH 50%                             |         |            |            |        |            
------------------------------------------------------------------------------------------------------
  TS_dcm_0_dcm_0_CLK90_BUF = PERIOD TIMEGRP | SETUP   |     0.381ns|     8.476ns|       0|           0
   "dcm_0_dcm_0_CLK90_BUF"         TS_sys_c | HOLD    |     0.452ns|            |       0|           0
  lk_pin PHASE 2.5 ns HIGH 50%              |         |            |            |        |            
------------------------------------------------------------------------------------------------------
  TS_vga_framebuffer_vga_framebuffer_CLKDV  | SETUP   |     3.710ns|    25.160ns|       0|           0
  = PERIOD TIMEGRP         "vga_framebuffer | HOLD    |     0.554ns|            |       0|           0
  _vga_framebuffer_CLKDV" TS_dcm_0_dcm_0_CL |         |            |            |        |            
  K0_BUF * 4         HIGH 50%               |         |            |            |        |            
------------------------------------------------------------------------------------------------------
  TS_dcm_1_dcm_1_CLK90_BUF = PERIOD TIMEGRP | SETUP   |     6.159ns|     3.841ns|       0|           0
   "dcm_1_dcm_1_CLK90_BUF"         TS_fpga_ | HOLD    |     0.495ns|            |       0|           0
  0_DDR_CLK_FB PHASE 4.844 ns HIGH 50%      |         |            |            |        |            
------------------------------------------------------------------------------------------------------
  TS_sys_clk_pin = PERIOD TIMEGRP "sys_clk_ | SETUP   |     8.632ns|     1.368ns|       0|           0
  pin" 10 ns HIGH 50%                       | HOLD    |     0.554ns|            |       0|           0
------------------------------------------------------------------------------------------------------
  TS_fpga_0_DDR_CLK_FB = PERIOD TIMEGRP "fp | SETUP   |     8.895ns|     1.105ns|       0|           0
  ga_0_DDR_CLK_FB" 10 ns HIGH 50%           | HOLD    |     0.388ns|            |       0|           0
------------------------------------------------------------------------------------------------------
  NET "fpga_0_SysACE_CompactFlash_SysACE_CL | SETUP   |    25.295ns|     4.705ns|       0|           0
  K_pin_BUFGP/IBUFG" PERIOD = 30 ns         | HOLD    |     0.463ns|            |       0|           0
   HIGH 50%                                 |         |            |            |        |            
------------------------------------------------------------------------------------------------------
  NET "fpga_0_Audio_Codec_Bit_Clk_pin_BUFGP | SETUP   |    37.205ns|     6.970ns|       0|           0
  /IBUFG" PERIOD = 81.38 ns HIGH 50%        | HOLD    |     0.561ns|            |       0|           0
------------------------------------------------------------------------------------------------------
  PATH "TS_RST1_path" TIG                   | SETUP   |         N/A|     3.652ns|     N/A|           0
------------------------------------------------------------------------------------------------------


All constraints were met.
INFO:Timing:2761 - N/A entries in the Constraints list may indicate that the 
   constraint does not cover any paths or that it has no requested value.


Generating Pad Report.

All signals are completely routed.

Total REAL time to PAR completion: 1 mins 23 secs 
Total CPU time to PAR completion: 1 mins 22 secs 

Peak Memory Usage:  332 MB

Placement: Completed - No errors found.
Routing: Completed - No errors found.
Timing: Completed - No errors found.

Number of error messages: 0
Number of warning messages: 4
Number of info messages: 0

Writing design to file system.ncd



PAR done!



#----------------------------------------------#
# Starting program post_par_trce
# trce -e 3 -xml system.twx system.ncd system.pcf 
#----------------------------------------------#
Release 9.1.02i - Trace 
Copyright (c) 1995-2007 Xilinx, Inc.  All rights reserved.


Loading device for application Rf_Device from file '2vp30.nph' in environment
C:\Xilinx91i.
   "system" is an NCD, version 3.1, device xc2vp30, package ff896, speed -7
--------------------------------------------------------------------------------
Release 9.1.02i Trace 
Copyright (c) 1995-2007 Xilinx, Inc.  All rights reserved.

trce -e 3 -xml system.twx system.ncd system.pcf


Design file:              system.ncd
Physical constraint file: system.pcf
Device,speed:             xc2vp30,-7 (PRODUCTION 1.93 2007-02-23)
Report level:             error report
--------------------------------------------------------------------------------

INFO:Timing:2752 - To get complete path coverage, use the unconstrained paths
   option. All paths that are not constrained will be reported in the
   unconstrained paths section(s) of the report.
INFO:Timing:3339 - The clock-to-out numbers in this timing report are based on a
   50 Ohm transmission line loading model.  For the details of this model, and
   for more information on accounting for different loading conditions, please
   see the device datasheet.


Timing summary:
---------------

Timing errors: 0  Score: 0

Constraints cover 138781 paths, 0 nets, and 19179 connections

Design statistics:
   Minimum period:  25.160ns (Maximum frequency:  39.746MHz)


Analysis completed Fri Nov 04 16:05:03 2011
--------------------------------------------------------------------------------

Generating Report ...

Number of warnings: 0
Number of info messages: 2
Total time: 8 secs 


