
bitinit version Xilinx EDK 9.1.02 Build EDK_J_SP2.4
Copyright (c) Xilinx Inc. 2002.

Parsing MHS File system.mhs...
Sourcing tcl file
C:/Xilinx91i/EDK/hw/XilinxProcessorIPLib/pcores/ppc405_v2_00_c/data/ppc405_v2_1_
0.tcl ...
Sourcing tcl file
C:/Xilinx91i/EDK/hw/XilinxProcessorIPLib/pcores/jtagppc_cntlr_v2_00_a/data/jtagp
pc_cntlr_v2_1_0.tcl ...
Sourcing tcl file
C:/Xilinx91i/EDK/hw/XilinxProcessorIPLib/pcores/plb_v34_v1_02_a/data/plb_v34_v2_
1_0.tcl ...
Sourcing tcl file
C:/Xilinx91i/EDK/hw/XilinxProcessorIPLib/pcores/plb2opb_bridge_v1_01_a/data/plb2
opb_bridge_v2_1_0.tcl ...
Sourcing tcl file
C:/Xilinx91i/EDK/hw/XilinxProcessorIPLib/pcores/opb_sysace_v1_00_c/data/opb_sysa
ce_v2_1_0.tcl ...
Sourcing tcl file
C:/Xilinx91i/EDK/hw/XilinxProcessorIPLib/pcores/plb_ddr_v2_00_a/data/plb_ddr_v2_
1_0.tcl ...
Sourcing tcl file
C:/Xilinx91i/EDK/hw/XilinxProcessorIPLib/pcores/plb_bram_if_cntlr_v1_00_b/data/p
lb_bram_if_cntlr_v2_1_0.tcl ...
Sourcing tcl file
C:/Xilinx91i/EDK/hw/XilinxProcessorIPLib/pcores/dcm_module_v1_00_c/data/dcm_modu
le_v2_1_0.tcl ...

Overriding IP level properties ...
INFO:MDT -
   C:\Xilinx91i\EDK\hw\XilinxProcessorIPLib\pcores\ppc405_v2_00_c\data\ppc405_v2
   _1_0.mpd line 45 - ppc405_0 (ppc405) tcl is overriding PARAMETER
   C_ISOCM_DCR_HIGHADDR value to 0b0000010011
INFO:MDT -
   C:\Xilinx91i\EDK\hw\XilinxProcessorIPLib\pcores\ppc405_v2_00_c\data\ppc405_v2
   _1_0.mpd line 47 - ppc405_0 (ppc405) tcl is overriding PARAMETER
   C_DSOCM_DCR_HIGHADDR value to 0b0000100011
INFO:MDT -
   C:\Xilinx91i\EDK\hw\XilinxProcessorIPLib\pcores\ppc405_v2_00_c\data\ppc405_v2
   _1_0.mpd line 45 - ppc405_1 (ppc405) tcl is overriding PARAMETER
   C_ISOCM_DCR_HIGHADDR value to 0b0000010011
INFO:MDT -
   C:\Xilinx91i\EDK\hw\XilinxProcessorIPLib\pcores\ppc405_v2_00_c\data\ppc405_v2
   _1_0.mpd line 47 - ppc405_1 (ppc405) tcl is overriding PARAMETER
   C_DSOCM_DCR_HIGHADDR value to 0b0000100011
INFO:MDT -
   C:\Xilinx91i\EDK\hw\XilinxProcessorIPLib\pcores\jtagppc_cntlr_v2_00_a\data\jt
   agppc_cntlr_v2_1_0.mpd line 35 - jtagppc_0 (jtagppc_cntlr) tool is overriding
   PARAMETER C_DEVICE value to 
INFO:MDT -
   C:\Xilinx91i\EDK\hw\XilinxProcessorIPLib\pcores\plb2opb_bridge_v1_01_a\data\p
   lb2opb_bridge_v2_1_0.mpd line 38 - plb2opb (plb2opb_bridge) tool is
   overriding PARAMETER C_FAMILY value to 
INFO:MDT -
   C:\Xilinx91i\EDK\hw\XilinxProcessorIPLib\pcores\opb_gpio_v3_01_b\data\opb_gpi
   o_v2_1_0.mpd line 40 - PushButtons_5Bit (opb_gpio) tool is overriding
   PARAMETER C_FAMILY value to 
INFO:MDT -
   C:\Xilinx91i\EDK\hw\XilinxProcessorIPLib\pcores\plb_ddr_v2_00_a\data\plb_ddr_
   v2_1_0.mpd line 43 - DDR_256MB_32MX64_rank1_row13_col10_cl2_5 (plb_ddr) tool
   is overriding PARAMETER C_FAMILY value to 
INFO:MDT -
   C:\Xilinx91i\EDK\hw\XilinxProcessorIPLib\pcores\bram_block_v1_00_a\data\bram_
   block_v2_1_0.mpd line 41 - plb_bram_if_cntlr_1_bram (bram_block) tool is
   overriding PARAMETER C_FAMILY value to 
INFO:MDT -
   C:\Xilinx91i\EDK\hw\XilinxProcessorIPLib\pcores\dcm_module_v1_00_c\data\dcm_m
   odule_v2_1_0.mpd line 59 - dcm_0 (dcm_module) tool is overriding PARAMETER
   C_FAMILY value to 
INFO:MDT -
   C:\Xilinx91i\EDK\hw\XilinxProcessorIPLib\pcores\dcm_module_v1_00_c\data\dcm_m
   odule_v2_1_0.mpd line 59 - dcm_1 (dcm_module) tool is overriding PARAMETER
   C_FAMILY value to 
INFO:MDT -
   C:\Xilinx91i\EDK\hw\XilinxProcessorIPLib\pcores\opb2dcr_bridge_v1_00_a\data\o
   pb2dcr_bridge_v2_1_0.mpd line 38 - opb2dcr_bridge_0 (opb2dcr_bridge) tool is
   overriding PARAMETER C_FAMILY value to 

Performing IP level DRCs on properties...

Running DRC Tcl procedures for OPTION IPLEVEL_DRC_PROC...
Sourcing tcl file
C:/Xilinx91i/EDK/hw/XilinxProcessorIPLib/pcores/ddr_v2_00_c/data/ddr_v2_1_0.tcl
...
Sourcing tcl file
C:/Xilinx91i/EDK/hw/XilinxProcessorIPLib/pcores/bram_if_cntlr_v1_00_b/data/bram_
if_cntlr_v2_1_0.tcl ...
WARNING:MDT - plb2opb_bridge (plb2opb) -
   D:\Put_Your_Temp_Files_Here\Lab3\Lab3CleanBuild\system.mhs line 135 - ADDRESS
   specified by PARAMETER C_RNG1_BASEADDR is ignored
Address Map for Processor ppc405_0
  (0b0000010000-0b0000010011) ppc405_0	
  (0b0000100000-0b0000100011) ppc405_0	
  (0b1000000000-0b1000000001)
VGA_FrameBuffer	plb->plb2opb->opb->opb2dcr_bridge_0->dcr_v29_0
  (0000000000-0x0fffffff) DDR_256MB_32MX64_rank1_row13_col10_cl2_5	plb
  (0x40000000-0x4000ffff) PushButtons_5Bit	plb->plb2opb->opb
  (0x40600000-0x4060ffff) RS232_Uart_1	plb->plb2opb->opb
  (0x41800000-0x4180ffff) SysACE_CompactFlash	plb->plb2opb->opb
  (0xfffe0000-0xffffffff) plb_bram_if_cntlr_1	plb
Address Map for Processor ppc405_1
  (0b0000010000-0b0000010011) ppc405_1	
  (0b0000100000-0b0000100011) ppc405_1	

Initializing Memory...
Checking ELFs associated with PPC405 instance ppc405_0 for overlap...


Analyzing file TestApp_Memory/executable.elf...
Running Data2Mem with the following command:
data2mem -bm "implementation/system_bd" -bt "implementation/system.bit"  -bd
"TestApp_Memory/executable.elf" tag ppc405_0  -o b implementation/download.bit 
Memory Initialization completed successfully.

